#
# A fatal error has been detected by the Java Runtime Environment:
#
#  EXCEPTION_ACCESS_VIOLATION (0xc0000005) at pc=0x00007ffc8f22c4be, pid=13880, tid=15300
#
# JRE version: OpenJDK Runtime Environment (11.0.10) (build 11.0.10+0-b96-7249189)
# Java VM: OpenJDK 64-Bit Server VM (11.0.10+0-b96-7249189, mixed mode, tiered, compressed oops, g1 gc, windows-amd64)
# Problematic frame:
# C  [native-platform-file-events.dll+0x1c4be]
#
# No core dump will be written. Minidumps are not enabled by default on client versions of Windows
#
# If you would like to submit a bug report, please visit:
#   https://bugreport.java.com/bugreport/crash.jsp
# The crash happened outside the Java Virtual Machine in native code.
# See problematic frame for where to report the bug.
#

---------------  S U M M A R Y ------------

Command Line: --add-opens=java.base/java.util=ALL-UNNAMED --add-opens=java.base/java.lang=ALL-UNNAMED --add-opens=java.base/java.lang.invoke=ALL-UNNAMED --add-opens=java.base/java.util=ALL-UNNAMED --add-opens=java.prefs/java.util.prefs=ALL-UNNAMED --add-opens=java.prefs/java.util.prefs=ALL-UNNAMED --add-opens=java.base/java.nio.charset=ALL-UNNAMED --add-opens=java.base/java.net=ALL-UNNAMED --add-opens=java.base/java.util.concurrent.atomic=ALL-UNNAMED -Xmx2048m -Dfile.encoding=UTF-8 -Duser.country=FR -Duser.language=fr -Duser.variant org.gradle.launcher.daemon.bootstrap.GradleDaemon 7.0.2

Host: Intel(R) Core(TM) i5-10500 CPU @ 3.10GHz, 12 cores, 15G,  Windows 10 , 64 bit Build 19041 (10.0.19041.2913)
Time: Tue May 30 10:12:29 2023 Paris, Madrid (heure d’été) elapsed time: 3120.770895 seconds (0d 0h 52m 0s)

---------------  T H R E A D  ---------------

Current thread (0x000001c0df895800):  JavaThread "File watcher server" daemon [_thread_in_native, id=15300, stack(0x0000007d16700000,0x0000007d16800000)]

Stack: [0x0000007d16700000,0x0000007d16800000],  sp=0x0000007d167feb50,  free space=1018k
Native frames: (J=compiled Java code, j=interpreted, Vv=VM code, C=native code)
C  [native-platform-file-events.dll+0x1c4be]

Java frames: (J=compiled Java code, j=interpreted, Vv=VM code)
j  net.rubygrapefruit.platform.internal.jni.AbstractFileEventFunctions$NativeFileWatcher.executeRunLoop0(Ljava/lang/Object;)V+0
j  net.rubygrapefruit.platform.internal.jni.AbstractFileEventFunctions$NativeFileWatcher.access$100(Lnet/rubygrapefruit/platform/internal/jni/AbstractFileEventFunctions$NativeFileWatcher;Ljava/lang/Object;)V+2
j  net.rubygrapefruit.platform.internal.jni.AbstractFileEventFunctions$NativeFileWatcher$1.run()V+26
v  ~StubRoutines::call_stub

siginfo: EXCEPTION_ACCESS_VIOLATION (0xc0000005), reading address 0xffffffffffffffff


Register to memory mapping:

RIP=0x00007ffc8f22c4be native-platform-file-events.dll
RAX=0x0061006c005c0073 is an unknown value
RBX=0x0000000000000001 is an unknown value
RCX=0x0061006c005c0073 is an unknown value
RDX=0x0000007d167feba8 is pointing into the stack for thread: 0x000001c0df895800
RSP=0x0000007d167feb50 is pointing into the stack for thread: 0x000001c0df895800
RBP=0x0000007d167ff548 is pointing into the stack for thread: 0x000001c0df895800
RSI=0x0 is NULL
RDI=
[error occurred during error reporting (printing register info), id 0xc0000005, EXCEPTION_ACCESS_VIOLATION (0xc0000005) at pc=0x00007ffc6be49dc7]

Registers:
RAX=0x0061006c005c0073, RBX=0x0000000000000001, RCX=0x0061006c005c0073, RDX=0x0000007d167feba8
RSP=0x0000007d167feb50, RBP=0x0000007d167ff548, RSI=0x0000000000000000, RDI=0x00000000ffffffff
R8 =0x0000007d167febb0, R9 =0x000000007ffe9000, R10=0x00000000546c6148, R11=0xfffffffffbf08bef
R12=0x0000000000000000, R13=0x000001c0e20d1a98, R14=0x0000007d167ff570, R15=0x000001c0df895800
RIP=0x00007ffc8f22c4be, EFLAGS=0x0000000000010202

Top of Stack: (sp=0x0000007d167feb50)
0x0000007d167feb50:   0000055b61e7bde8 0000055b4162d29c
0x0000007d167feb60:   0000055b61e7bde8 00007ffc8f247be5
0x0000007d167feb70:   0000007d167fec28 0000007d167feba8
0x0000007d167feb80:   0000007d00000000 0000007d167febb8
0x0000007d167feb90:   0000007d167f0001 0000000db6bd328a
0x0000007d167feba0:   0000007d167febb0 0000000000000221
0x0000007d167febb0:   0000055b4162d29c 0000055b61e7bde8
0x0000007d167febc0:   0000007d167ff570 00007ffc8f247777
0x0000007d167febd0:   0000007d167fec28 0000007d167fec20
0x0000007d167febe0:   000001c0dd430830 000001c0bfa90000
0x0000007d167febf0:   0000000000000000 00007ffc8f238bee
0x0000007d167fec00:   0000055b61e7bde8 0000000000000221
0x0000007d167fec10:   0000007d155fc210 00007ffccb47f05b
0x0000007d167fec20:   0000fdd646f7a6cd 0000000000000221
0x0000007d167fec30:   000000000070006f 00007ffc8f22c6ec
0x0000007d167fec40:   0061006c005c0073 0000007d00000003 

Instructions: (pc=0x00007ffc8f22c4be)
0x00007ffc8f22c3be:   8b 00 48 89 44 24 38 48 8b 44 24 38 48 89 44 24
0x00007ffc8f22c3ce:   58 48 8b 84 24 b0 00 00 00 48 83 c0 08 48 89 44
0x00007ffc8f22c3de:   24 40 48 8d 54 24 70 48 8b 4c 24 40 e8 26 50 fe
0x00007ffc8f22c3ee:   ff 48 8b 00 48 89 44 24 48 48 8b 44 24 48 48 89
0x00007ffc8f22c3fe:   44 24 60 4c 8b 4c 24 50 4c 8b 44 24 58 48 8b 54
0x00007ffc8f22c40e:   24 60 48 8d 4c 24 78 e8 31 92 fe ff 48 8d 4c 24
0x00007ffc8f22c41e:   78 e8 8b 6a fe ff 48 8b c8 ff 15 db ab 11 00 89
0x00007ffc8f22c42e:   44 24 24 83 7c 24 24 ff 74 15 8b 44 24 24 83 e0
0x00007ffc8f22c43e:   10 85 c0 74 0a c7 44 24 28 01 00 00 00 eb 08 c7
0x00007ffc8f22c44e:   44 24 28 00 00 00 00 0f b6 44 24 28 88 44 24 20
0x00007ffc8f22c45e:   48 8d 4c 24 78 e8 1f 97 fe ff 0f b6 44 24 20 48
0x00007ffc8f22c46e:   8b 8c 24 98 00 00 00 48 33 cc e8 8f 76 fe ff 48
0x00007ffc8f22c47e:   81 c4 a8 00 00 00 c3 cc cc cc cc cc cc cc cc cc
0x00007ffc8f22c48e:   cc cc 48 89 4c 24 08 48 81 ec e8 00 00 00 48 8b
0x00007ffc8f22c49e:   05 a5 7d 10 00 48 33 c4 48 89 84 24 d0 00 00 00
0x00007ffc8f22c4ae:   c7 44 24 30 00 00 00 00 48 8b 84 24 f0 00 00 00
0x00007ffc8f22c4be:   83 78 68 03 0f 84 02 01 00 00 48 8b 84 24 f0 00
0x00007ffc8f22c4ce:   00 00 48 8b 48 28 ff 15 36 ab 11 00 89 44 24 38
0x00007ffc8f22c4de:   83 7c 24 38 00 0f 85 d0 00 00 00 ba 07 00 00 00
0x00007ffc8f22c4ee:   48 8b 0d 1b b0 10 00 e8 48 a4 fe ff 88 44 24 34
0x00007ffc8f22c4fe:   0f b6 44 24 34 85 c0 0f 84 90 00 00 00 ff 15 07
0x00007ffc8f22c50e:   ab 11 00 89 44 24 3c 48 8b 84 24 f0 00 00 00 48
0x00007ffc8f22c51e:   83 c0 08 48 8b d0 48 8d 8c 24 90 00 00 00 e8 05
0x00007ffc8f22c52e:   51 fe ff 48 89 44 24 40 48 8b 44 24 40 48 89 44
0x00007ffc8f22c53e:   24 48 8b 44 24 30 83 c8 01 89 44 24 30 48 8b 4c
0x00007ffc8f22c54e:   24 48 e8 d5 52 fe ff 48 89 44 24 50 48 8b 84 24
0x00007ffc8f22c55e:   f0 00 00 00 48 8b 40 28 48 89 44 24 58 8b 44 24
0x00007ffc8f22c56e:   3c 89 44 24 28 48 8b 44 24 50 48 89 44 24 20 4c
0x00007ffc8f22c57e:   8b 4c 24 58 4c 8d 05 77 af 0d 00 ba 07 00 00 00
0x00007ffc8f22c58e:   48 8b 0d 7b af 10 00 e8 f8 71 fe ff 90 8b 44 24
0x00007ffc8f22c59e:   30 83 e0 01 85 c0 74 13 83 64 24 30 fe 48 8d 8c
0x00007ffc8f22c5ae:   24 90 00 00 00 e8 e7 5a fe ff 90 eb 00 48 8b 84 


Stack slot to memory mapping:
stack at sp + 0 slots: 0x0000055b61e7bde8 is an unknown value
stack at sp + 1 slots: 0x0000055b4162d29c is an unknown value
stack at sp + 2 slots: 0x0000055b61e7bde8 is an unknown value
stack at sp + 3 slots: 0x00007ffc8f247be5 native-platform-file-events.dll
stack at sp + 4 slots: 0x0000007d167fec28 is pointing into the stack for thread: 0x000001c0df895800
stack at sp + 5 slots: 0x0000007d167feba8 is pointing into the stack for thread: 0x000001c0df895800
stack at sp + 6 slots: 0x0000007d00000000 is an unknown value
stack at sp + 7 slots: 0x0000007d167febb8 is pointing into the stack for thread: 0x000001c0df895800


---------------  P R O C E S S  ---------------

Threads class SMR info:
_java_thread_list=0x000001c0e7daf5b0, length=83, elements={
0x000001c0c1d12000, 0x000001c0dce3f000, 0x000001c0dce49800, 0x000001c0dce9b800,
0x000001c0dce9e000, 0x000001c0dcea0000, 0x000001c0dceab000, 0x000001c0dcead800,
0x000001c0dceb4000, 0x000001c0dd020800, 0x000001c0de49d000, 0x000001c0df61a000,
0x000001c0de4ad800, 0x000001c0df304800, 0x000001c0df067800, 0x000001c0df068000,
0x000001c0df069000, 0x000001c0df895800, 0x000001c0df894800, 0x000001c0df897000,
0x000001c0df89a800, 0x000001c0df89c000, 0x000001c0df898000, 0x000001c0df898800,
0x000001c0e2dce000, 0x000001c0ddc12800, 0x000001c0ddc11000, 0x000001c0ddc13800,
0x000001c0ddc14800, 0x000001c0ddc15000, 0x000001c0ddc16000, 0x000001c0ddc10800,
0x000001c0ddc17000, 0x000001c0ddc17800, 0x000001c0df89e800, 0x000001c0e4f03800,
0x000001c0e4f00800, 0x000001c0ddc1e000, 0x000001c0e308b000, 0x000001c0e308d800,
0x000001c0e308e000, 0x000001c0e308f000, 0x000001c0e3089000, 0x000001c0e308f800,
0x000001c0e308a000, 0x000001c0e3090800, 0x000001c0e3091800, 0x000001c0e281a800,
0x000001c0e281f000, 0x000001c0e281b800, 0x000001c0e281d000, 0x000001c0e281e000,
0x000001c0e2819000, 0x000001c0e281a000, 0x000001c0e281c800, 0x000001c0e2822000,
0x000001c0e2825800, 0x000001c0e2820800, 0x000001c0e2821800, 0x000001c0e2827000,
0x000001c0e2826000, 0x000001c0e2824800, 0x000001c0e2828000, 0x000001c0e4f07800,
0x000001c0e4f07000, 0x000001c0e4f02000, 0x000001c0e4f05000, 0x000001c0e4f0a000,
0x000001c0e4f04800, 0x000001c0e3082800, 0x000001c0e308c800, 0x000001c0df893000,
0x000001c0df896000, 0x000001c0df890800, 0x000001c0df891800, 0x000001c0df894000,
0x000001c0df892000, 0x000001c0df89d800, 0x000001c0df89f000, 0x000001c0e2dcc800,
0x000001c0e2dcf800, 0x000001c0e2dca000, 0x000001c0e2dcf000
}

Java Threads: ( => current thread )
  0x000001c0c1d12000 JavaThread "main" [_thread_blocked, id=5544, stack(0x0000007d13a00000,0x0000007d13b00000)]
  0x000001c0dce3f000 JavaThread "Reference Handler" daemon [_thread_blocked, id=2220, stack(0x0000007d14100000,0x0000007d14200000)]
  0x000001c0dce49800 JavaThread "Finalizer" daemon [_thread_blocked, id=6260, stack(0x0000007d14200000,0x0000007d14300000)]
  0x000001c0dce9b800 JavaThread "Signal Dispatcher" daemon [_thread_blocked, id=6884, stack(0x0000007d14300000,0x0000007d14400000)]
  0x000001c0dce9e000 JavaThread "Attach Listener" daemon [_thread_blocked, id=13284, stack(0x0000007d14400000,0x0000007d14500000)]
  0x000001c0dcea0000 JavaThread "Service Thread" daemon [_thread_blocked, id=12128, stack(0x0000007d14500000,0x0000007d14600000)]
  0x000001c0dceab000 JavaThread "C2 CompilerThread0" daemon [_thread_blocked, id=2292, stack(0x0000007d14600000,0x0000007d14700000)]
  0x000001c0dcead800 JavaThread "C1 CompilerThread0" daemon [_thread_blocked, id=2276, stack(0x0000007d14700000,0x0000007d14800000)]
  0x000001c0dceb4000 JavaThread "Sweeper thread" daemon [_thread_blocked, id=14800, stack(0x0000007d14800000,0x0000007d14900000)]
  0x000001c0dd020800 JavaThread "Common-Cleaner" daemon [_thread_blocked, id=12744, stack(0x0000007d14900000,0x0000007d14a00000)]
  0x000001c0de49d000 JavaThread "Daemon health stats" [_thread_blocked, id=9964, stack(0x0000007d15200000,0x0000007d15300000)]
  0x000001c0df61a000 JavaThread "SeedGenerator Thread" daemon [_thread_blocked, id=11060, stack(0x0000007d15300000,0x0000007d15400000)]
  0x000001c0de4ad800 JavaThread "Incoming local TCP Connector on port 52527" [_thread_in_native, id=13288, stack(0x0000007d15100000,0x0000007d15200000)]
  0x000001c0df304800 JavaThread "Daemon periodic checks" [_thread_blocked, id=10036, stack(0x0000007d15400000,0x0000007d15500000)]
  0x000001c0df067800 JavaThread "Cache worker for file hash cache (C:\Users\TEMP.GEII2.006\.gradle\caches\7.0.2\fileHashes)" [_thread_blocked, id=1980, stack(0x0000007d14b00000,0x0000007d14c00000)]
  0x000001c0df068000 JavaThread "File lock request listener" [_thread_in_native, id=12120, stack(0x0000007d15e00000,0x0000007d15f00000)]
  0x000001c0df069000 JavaThread "Cache worker for journal cache (C:\Users\TEMP.GEII2.006\.gradle\caches\journal-1)" [_thread_blocked, id=7352, stack(0x0000007d16500000,0x0000007d16600000)]
=>0x000001c0df895800 JavaThread "File watcher server" daemon [_thread_in_native, id=15300, stack(0x0000007d16700000,0x0000007d16800000)]
  0x000001c0df894800 JavaThread "File watcher consumer" daemon [_thread_blocked, id=1684, stack(0x0000007d16800000,0x0000007d16900000)]
  0x000001c0df897000 JavaThread "Cache worker for execution history cache (C:\Users\TEMP.GEII2.006\.gradle\caches\7.0.2\executionHistory)" [_thread_blocked, id=12884, stack(0x0000007d16d00000,0x0000007d16e00000)]
  0x000001c0df89a800 JavaThread "jar transforms" [_thread_blocked, id=4948, stack(0x0000007d16e00000,0x0000007d16f00000)]
  0x000001c0df89c000 JavaThread "jar transforms Thread 2" [_thread_blocked, id=7284, stack(0x0000007d16f00000,0x0000007d17000000)]
  0x000001c0df898000 JavaThread "Cache worker for file content cache (C:\Users\TEMP.GEII2.006\.gradle\caches\7.0.2\fileContent)" [_thread_blocked, id=1292, stack(0x0000007d17000000,0x0000007d17100000)]
  0x000001c0df898800 JavaThread "jar transforms Thread 3" [_thread_blocked, id=13212, stack(0x0000007d17100000,0x0000007d17200000)]
  0x000001c0e2dce000 JavaThread "jar transforms Thread 4" [_thread_blocked, id=5396, stack(0x0000007d18000000,0x0000007d18100000)]
  0x000001c0ddc12800 JavaThread "jar transforms Thread 5" [_thread_blocked, id=10456, stack(0x0000007d18100000,0x0000007d18200000)]
  0x000001c0ddc11000 JavaThread "jar transforms Thread 6" [_thread_blocked, id=11172, stack(0x0000007d18200000,0x0000007d18300000)]
  0x000001c0ddc13800 JavaThread "jar transforms Thread 7" [_thread_blocked, id=6276, stack(0x0000007d18300000,0x0000007d18400000)]
  0x000001c0ddc14800 JavaThread "jar transforms Thread 8" [_thread_blocked, id=6464, stack(0x0000007d18400000,0x0000007d18500000)]
  0x000001c0ddc15000 JavaThread "jar transforms Thread 9" [_thread_blocked, id=1244, stack(0x0000007d18500000,0x0000007d18600000)]
  0x000001c0ddc16000 JavaThread "jar transforms Thread 10" [_thread_blocked, id=1088, stack(0x0000007d18600000,0x0000007d18700000)]
  0x000001c0ddc10800 JavaThread "jar transforms Thread 11" [_thread_blocked, id=5208, stack(0x0000007d18700000,0x0000007d18800000)]
  0x000001c0ddc17000 JavaThread "jar transforms Thread 12" [_thread_blocked, id=13392, stack(0x0000007d18800000,0x0000007d18900000)]
  0x000001c0ddc17800 JavaThread "Memory manager" [_thread_blocked, id=14296, stack(0x0000007d17400000,0x0000007d17500000)]
  0x000001c0df89e800 JavaThread "ForkJoinPool.commonPool-worker-9" daemon [_thread_blocked, id=9096, stack(0x0000007d19d00000,0x0000007d19e00000)]
  0x000001c0e4f03800 JavaThread "Daemon Thread 6" [_thread_blocked, id=13824, stack(0x0000007d13700000,0x0000007d13800000)]
  0x000001c0e4f00800 JavaThread "Daemon worker Thread 6" [_thread_in_native, id=8264, stack(0x0000007d15500000,0x0000007d15600000)]
  0x000001c0ddc1e000 JavaThread "Cache worker for Java compile cache (C:\Users\TEMP.GEII2.006\.gradle\caches\7.0.2\javaCompile)" [_thread_blocked, id=15000, stack(0x0000007d17d00000,0x0000007d17e00000)]
  0x000001c0e308b000 JavaThread "ForkJoinPool.commonPool-worker-7" daemon [_thread_blocked, id=6220, stack(0x0000007d1a300000,0x0000007d1a400000)]
  0x000001c0e308d800 JavaThread "ForkJoinPool.commonPool-worker-25" daemon [_thread_blocked, id=10688, stack(0x0000007d1a400000,0x0000007d1a500000)]
  0x000001c0e308e000 JavaThread "ForkJoinPool.commonPool-worker-11" daemon [_thread_blocked, id=14644, stack(0x0000007d1a500000,0x0000007d1a600000)]
  0x000001c0e308f000 JavaThread "ForkJoinPool.commonPool-worker-29" daemon [_thread_blocked, id=13744, stack(0x0000007d1a600000,0x0000007d1a700000)]
  0x000001c0e3089000 JavaThread "ForkJoinPool.commonPool-worker-1" daemon [_thread_blocked, id=12340, stack(0x0000007d1a700000,0x0000007d1a800000)]
  0x000001c0e308f800 JavaThread "ForkJoinPool.commonPool-worker-15" daemon [_thread_blocked, id=9452, stack(0x0000007d1a800000,0x0000007d1a900000)]
  0x000001c0e308a000 JavaThread "ForkJoinPool.commonPool-worker-19" daemon [_thread_blocked, id=13064, stack(0x0000007d1a900000,0x0000007d1aa00000)]
  0x000001c0e3090800 JavaThread "ForkJoinPool.commonPool-worker-5" daemon [_thread_blocked, id=15072, stack(0x0000007d1aa00000,0x0000007d1ab00000)]
  0x000001c0e3091800 JavaThread "ForkJoinPool.commonPool-worker-13" daemon [_thread_blocked, id=9648, stack(0x0000007d1ab00000,0x0000007d1ac00000)]
  0x000001c0e281a800 JavaThread "ForkJoinPool.commonPool-worker-23" daemon [_thread_blocked, id=1632, stack(0x0000007d1ac00000,0x0000007d1ad00000)]
  0x000001c0e281f000 JavaThread "Handler for socket connection from /127.0.0.1:52527 to /127.0.0.1:62208" [_thread_in_native, id=2840, stack(0x0000007d13800000,0x0000007d13900000)]
  0x000001c0e281b800 JavaThread "Cancel handler" [_thread_blocked, id=15172, stack(0x0000007d13900000,0x0000007d13a00000)]
  0x000001c0e281d000 JavaThread "Asynchronous log dispatcher for DefaultDaemonConnection: socket connection from /127.0.0.1:52527 to /127.0.0.1:62208" [_thread_blocked, id=1384, stack(0x0000007d15600000,0x0000007d15700000)]
  0x000001c0e281e000 JavaThread "Stdin handler" [_thread_blocked, id=5400, stack(0x0000007d15700000,0x0000007d15800000)]
  0x000001c0e2819000 JavaThread "Daemon client event forwarder" [_thread_blocked, id=13132, stack(0x0000007d15800000,0x0000007d15900000)]
  0x000001c0e281a000 JavaThread "Cache worker for file hash cache (U:\Projet\.gradle\7.0.2\fileHashes)" [_thread_blocked, id=12608, stack(0x0000007d15900000,0x0000007d15a00000)]
  0x000001c0e281c800 JavaThread "Cache worker for checksums cache (U:\Projet\.gradle\checksums)" [_thread_blocked, id=2164, stack(0x0000007d15a00000,0x0000007d15b00000)]
  0x000001c0e2822000 JavaThread "Cache worker for cache directory md-rule (C:\Users\TEMP.GEII2.006\.gradle\caches\7.0.2\md-rule)" [_thread_blocked, id=3104, stack(0x0000007d15c00000,0x0000007d15d00000)]
  0x000001c0e2825800 JavaThread "Cache worker for dependencies-accessors (U:\Projet\.gradle\7.0.2\dependencies-accessors)" [_thread_blocked, id=32, stack(0x0000007d16600000,0x0000007d16700000)]
  0x000001c0e2820800 JavaThread "Build operations" [_thread_blocked, id=10068, stack(0x0000007d16b00000,0x0000007d16c00000)]
  0x000001c0e2821800 JavaThread "Build operations Thread 2" [_thread_blocked, id=13632, stack(0x0000007d16c00000,0x0000007d16d00000)]
  0x000001c0e2827000 JavaThread "Build operations Thread 3" [_thread_blocked, id=7236, stack(0x0000007d17200000,0x0000007d17300000)]
  0x000001c0e2826000 JavaThread "Build operations Thread 4" [_thread_blocked, id=14168, stack(0x0000007d17300000,0x0000007d17400000)]
  0x000001c0e2824800 JavaThread "Build operations Thread 5" [_thread_blocked, id=13496, stack(0x0000007d17500000,0x0000007d17600000)]
  0x000001c0e2828000 JavaThread "Build operations Thread 6" [_thread_blocked, id=9500, stack(0x0000007d17600000,0x0000007d17700000)]
  0x000001c0e4f07800 JavaThread "Build operations Thread 7" [_thread_blocked, id=4840, stack(0x0000007d17700000,0x0000007d17800000)]
  0x000001c0e4f07000 JavaThread "Build operations Thread 8" [_thread_blocked, id=15304, stack(0x0000007d17800000,0x0000007d17900000)]
  0x000001c0e4f02000 JavaThread "Build operations Thread 9" [_thread_blocked, id=12612, stack(0x0000007d17900000,0x0000007d17a00000)]
  0x000001c0e4f05000 JavaThread "Build operations Thread 10" [_thread_blocked, id=10608, stack(0x0000007d17a00000,0x0000007d17b00000)]
  0x000001c0e4f0a000 JavaThread "Build operations Thread 11" [_thread_blocked, id=1060, stack(0x0000007d17b00000,0x0000007d17c00000)]
  0x000001c0e4f04800 JavaThread "Build operations Thread 12" [_thread_blocked, id=3740, stack(0x0000007d17c00000,0x0000007d17d00000)]
  0x000001c0e3082800 JavaThread "Cache worker for Java compile cache (U:\Projet\.gradle\7.0.2\javaCompile)" [_thread_blocked, id=8308, stack(0x0000007d19500000,0x0000007d19600000)]
  0x000001c0e308c800 JavaThread "WorkerExecutor Queue" [_thread_blocked, id=10524, stack(0x0000007d19600000,0x0000007d19700000)]
  0x000001c0df893000 JavaThread "WorkerExecutor Queue Thread 2" [_thread_blocked, id=14832, stack(0x0000007d19700000,0x0000007d19800000)]
  0x000001c0df896000 JavaThread "WorkerExecutor Queue Thread 3" [_thread_blocked, id=1028, stack(0x0000007d19800000,0x0000007d19900000)]
  0x000001c0df890800 JavaThread "WorkerExecutor Queue Thread 4" [_thread_blocked, id=9268, stack(0x0000007d19900000,0x0000007d19a00000)]
  0x000001c0df891800 JavaThread "WorkerExecutor Queue Thread 5" [_thread_blocked, id=9160, stack(0x0000007d19a00000,0x0000007d19b00000)]
  0x000001c0df894000 JavaThread "WorkerExecutor Queue Thread 6" [_thread_blocked, id=6080, stack(0x0000007d19b00000,0x0000007d19c00000)]
  0x000001c0df892000 JavaThread "WorkerExecutor Queue Thread 7" [_thread_blocked, id=13324, stack(0x0000007d19c00000,0x0000007d19d00000)]
  0x000001c0df89d800 JavaThread "WorkerExecutor Queue Thread 8" [_thread_blocked, id=2088, stack(0x0000007d19e00000,0x0000007d19f00000)]
  0x000001c0df89f000 JavaThread "WorkerExecutor Queue Thread 9" [_thread_blocked, id=14776, stack(0x0000007d19f00000,0x0000007d1a000000)]
  0x000001c0e2dcc800 JavaThread "WorkerExecutor Queue Thread 10" [_thread_blocked, id=1956, stack(0x0000007d1a000000,0x0000007d1a100000)]
  0x000001c0e2dcf800 JavaThread "WorkerExecutor Queue Thread 11" [_thread_blocked, id=10040, stack(0x0000007d1a100000,0x0000007d1a200000)]
  0x000001c0e2dca000 JavaThread "WorkerExecutor Queue Thread 12" [_thread_blocked, id=11232, stack(0x0000007d1a200000,0x0000007d1a300000)]
  0x000001c0e2dcf000 JavaThread "WorkerExecutor Queue Thread 13" [_thread_blocked, id=3508, stack(0x0000007d1ad00000,0x0000007d1ae00000)]

Other Threads:
  0x000001c0dce3b000 VMThread "VM Thread" [stack: 0x0000007d14000000,0x0000007d14100000] [id=9752]
  0x000001c0dd02e000 WatcherThread [stack: 0x0000007d14a00000,0x0000007d14b00000] [id=11108]
  0x000001c0c1d2a800 GCTaskThread "GC Thread#0" [stack: 0x0000007d13b00000,0x0000007d13c00000] [id=6824]
  0x000001c0dd0a4800 GCTaskThread "GC Thread#1" [stack: 0x0000007d14c00000,0x0000007d14d00000] [id=15284]
  0x000001c0dd0a5000 GCTaskThread "GC Thread#2" [stack: 0x0000007d14d00000,0x0000007d14e00000] [id=13636]
  0x000001c0dd0a6000 GCTaskThread "GC Thread#3" [stack: 0x0000007d14e00000,0x0000007d14f00000] [id=13820]
  0x000001c0dd0a7800 GCTaskThread "GC Thread#4" [stack: 0x0000007d14f00000,0x0000007d15000000] [id=13296]
  0x000001c0dd0a3000 GCTaskThread "GC Thread#5" [stack: 0x0000007d15000000,0x0000007d15100000] [id=8048]
  0x000001c0dd0a2800 GCTaskThread "GC Thread#6" [stack: 0x0000007d15f00000,0x0000007d16000000] [id=7260]
  0x000001c0dd0a6800 GCTaskThread "GC Thread#7" [stack: 0x0000007d16000000,0x0000007d16100000] [id=2288]
  0x000001c0dd0a8000 GCTaskThread "GC Thread#8" [stack: 0x0000007d16100000,0x0000007d16200000] [id=14556]
  0x000001c0dd0a9000 GCTaskThread "GC Thread#9" [stack: 0x0000007d16200000,0x0000007d16300000] [id=13848]
  0x000001c0c1d5b800 ConcurrentGCThread "G1 Main Marker" [stack: 0x0000007d13c00000,0x0000007d13d00000] [id=8572]
  0x000001c0c1d5d000 ConcurrentGCThread "G1 Conc#0" [stack: 0x0000007d13d00000,0x0000007d13e00000] [id=10472]
  0x000001c0dd0a9800 ConcurrentGCThread "G1 Conc#1" [stack: 0x0000007d16300000,0x0000007d16400000] [id=7344]
  0x000001c0dd0a3800 ConcurrentGCThread "G1 Conc#2" [stack: 0x0000007d16400000,0x0000007d16500000] [id=5680]
  0x000001c0dc488800 ConcurrentGCThread "G1 Refine#0" [stack: 0x0000007d13e00000,0x0000007d13f00000] [id=2988]
  0x000001c0e30d7000 ConcurrentGCThread "G1 Refine#1" [stack: 0x0000007d15d00000,0x0000007d15e00000] [id=168]
  0x000001c0dc489000 ConcurrentGCThread "G1 Young RemSet Sampling" [stack: 0x0000007d13f00000,0x0000007d14000000] [id=7156]

Threads with active compile tasks:

VM state:not at safepoint (normal execution)

VM Mutex/Monitor currently owned by a thread: None

Heap address: 0x0000000080000000, size: 2048 MB, Compressed Oops mode: 32-bit
Narrow klass base: 0x0000000000000000, Narrow klass shift: 3
Compressed class space size: 1073741824 Address: 0x0000000100000000

Heap:
 garbage-first heap   total 265216K, used 201172K [0x0000000080000000, 0x0000000100000000)
  region size 1024K, 93 young (95232K), 2 survivors (2048K)
 Metaspace       used 114266K, capacity 117750K, committed 117888K, reserved 1150976K
  class space    used 14686K, capacity 15970K, committed 16076K, reserved 1048576K
Heap Regions: E=young(eden), S=young(survivor), O=old, HS=humongous(starts), HC=humongous(continues), CS=collection set, F=free, A=archive, TAMS=top-at-mark-start (previous, next)
|   0|0x0000000080000000, 0x0000000080100000, 0x0000000080100000|100%| O|  |TAMS 0x0000000080100000, 0x0000000080000000| Untracked 
|   1|0x0000000080100000, 0x0000000080200000, 0x0000000080200000|100%| O|  |TAMS 0x0000000080200000, 0x0000000080100000| Untracked 
|   2|0x0000000080200000, 0x0000000080300000, 0x0000000080300000|100%| O|  |TAMS 0x0000000080300000, 0x0000000080200000| Untracked 
|   3|0x0000000080300000, 0x0000000080400000, 0x0000000080400000|100%|HS|  |TAMS 0x0000000080400000, 0x0000000080300000| Complete 
|   4|0x0000000080400000, 0x0000000080500000, 0x0000000080500000|100%|HC|  |TAMS 0x0000000080500000, 0x0000000080400000| Complete 
|   5|0x0000000080500000, 0x0000000080600000, 0x0000000080600000|100%|HC|  |TAMS 0x0000000080600000, 0x0000000080500000| Complete 
|   6|0x0000000080600000, 0x0000000080700000, 0x0000000080700000|100%| O|  |TAMS 0x0000000080700000, 0x0000000080600000| Untracked 
|   7|0x0000000080700000, 0x0000000080800000, 0x0000000080800000|100%| O|  |TAMS 0x0000000080800000, 0x0000000080700000| Untracked 
|   8|0x0000000080800000, 0x0000000080900000, 0x0000000080900000|100%| O|  |TAMS 0x0000000080900000, 0x0000000080800000| Untracked 
|   9|0x0000000080900000, 0x0000000080a00000, 0x0000000080a00000|100%| O|  |TAMS 0x0000000080a00000, 0x0000000080900000| Untracked 
|  10|0x0000000080a00000, 0x0000000080b00000, 0x0000000080b00000|100%| O|  |TAMS 0x0000000080b00000, 0x0000000080a00000| Untracked 
|  11|0x0000000080b00000, 0x0000000080c00000, 0x0000000080c00000|100%| O|  |TAMS 0x0000000080c00000, 0x0000000080b00000| Untracked 
|  12|0x0000000080c00000, 0x0000000080d00000, 0x0000000080d00000|100%| O|  |TAMS 0x0000000080d00000, 0x0000000080c00000| Untracked 
|  13|0x0000000080d00000, 0x0000000080e00000, 0x0000000080e00000|100%| O|  |TAMS 0x0000000080e00000, 0x0000000080d00000| Untracked 
|  14|0x0000000080e00000, 0x0000000080f00000, 0x0000000080f00000|100%| O|  |TAMS 0x0000000080f00000, 0x0000000080e00000| Untracked 
|  15|0x0000000080f00000, 0x0000000081000000, 0x0000000081000000|100%| O|  |TAMS 0x0000000081000000, 0x0000000080f00000| Untracked 
|  16|0x0000000081000000, 0x0000000081100000, 0x0000000081100000|100%|HS|  |TAMS 0x0000000081100000, 0x0000000081000000| Complete 
|  17|0x0000000081100000, 0x0000000081200000, 0x0000000081200000|100%|HS|  |TAMS 0x0000000081200000, 0x0000000081100000| Complete 
|  18|0x0000000081200000, 0x0000000081300000, 0x0000000081300000|100%|HS|  |TAMS 0x0000000081300000, 0x0000000081200000| Complete 
|  19|0x0000000081300000, 0x0000000081400000, 0x0000000081400000|100%|HC|  |TAMS 0x0000000081400000, 0x0000000081300000| Complete 
|  20|0x0000000081400000, 0x0000000081500000, 0x0000000081500000|100%| O|  |TAMS 0x0000000081500000, 0x0000000081400000| Untracked 
|  21|0x0000000081500000, 0x0000000081600000, 0x0000000081600000|100%| O|  |TAMS 0x0000000081600000, 0x0000000081500000| Untracked 
|  22|0x0000000081600000, 0x0000000081700000, 0x0000000081700000|100%| O|  |TAMS 0x0000000081700000, 0x0000000081600000| Untracked 
|  23|0x0000000081700000, 0x0000000081800000, 0x0000000081800000|100%| O|  |TAMS 0x0000000081800000, 0x0000000081700000| Untracked 
|  24|0x0000000081800000, 0x0000000081900000, 0x0000000081900000|100%| O|  |TAMS 0x0000000081900000, 0x0000000081800000| Untracked 
|  25|0x0000000081900000, 0x0000000081a00000, 0x0000000081a00000|100%| O|  |TAMS 0x0000000081a00000, 0x0000000081900000| Untracked 
|  26|0x0000000081a00000, 0x0000000081b00000, 0x0000000081b00000|100%| O|  |TAMS 0x0000000081b00000, 0x0000000081a00000| Untracked 
|  27|0x0000000081b00000, 0x0000000081c00000, 0x0000000081c00000|100%| O|  |TAMS 0x0000000081c00000, 0x0000000081b00000| Untracked 
|  28|0x0000000081c00000, 0x0000000081d00000, 0x0000000081d00000|100%| O|  |TAMS 0x0000000081d00000, 0x0000000081c00000| Untracked 
|  29|0x0000000081d00000, 0x0000000081e00000, 0x0000000081e00000|100%| O|  |TAMS 0x0000000081e00000, 0x0000000081d00000| Untracked 
|  30|0x0000000081e00000, 0x0000000081f00000, 0x0000000081f00000|100%| O|  |TAMS 0x0000000081f00000, 0x0000000081e00000| Untracked 
|  31|0x0000000081f00000, 0x0000000082000000, 0x0000000082000000|100%| O|  |TAMS 0x0000000082000000, 0x0000000081f00000| Untracked 
|  32|0x0000000082000000, 0x0000000082100000, 0x0000000082100000|100%| O|  |TAMS 0x0000000082100000, 0x0000000082000000| Untracked 
|  33|0x0000000082100000, 0x0000000082200000, 0x0000000082200000|100%| O|  |TAMS 0x0000000082200000, 0x0000000082100000| Untracked 
|  34|0x0000000082200000, 0x0000000082300000, 0x0000000082300000|100%| O|  |TAMS 0x0000000082300000, 0x0000000082200000| Untracked 
|  35|0x0000000082300000, 0x0000000082400000, 0x0000000082400000|100%| O|  |TAMS 0x0000000082400000, 0x0000000082300000| Untracked 
|  36|0x0000000082400000, 0x0000000082500000, 0x0000000082500000|100%| O|  |TAMS 0x0000000082500000, 0x0000000082400000| Untracked 
|  37|0x0000000082500000, 0x0000000082600000, 0x0000000082600000|100%| O|  |TAMS 0x0000000082600000, 0x0000000082500000| Untracked 
|  38|0x0000000082600000, 0x0000000082700000, 0x0000000082700000|100%| O|  |TAMS 0x0000000082700000, 0x0000000082600000| Untracked 
|  39|0x0000000082700000, 0x0000000082800000, 0x0000000082800000|100%| O|  |TAMS 0x0000000082800000, 0x0000000082700000| Untracked 
|  40|0x0000000082800000, 0x0000000082900000, 0x0000000082900000|100%| O|  |TAMS 0x0000000082900000, 0x0000000082800000| Untracked 
|  41|0x0000000082900000, 0x0000000082a00000, 0x0000000082a00000|100%| O|  |TAMS 0x0000000082a00000, 0x0000000082900000| Untracked 
|  42|0x0000000082a00000, 0x0000000082b00000, 0x0000000082b00000|100%| O|  |TAMS 0x0000000082b00000, 0x0000000082a00000| Untracked 
|  43|0x0000000082b00000, 0x0000000082c00000, 0x0000000082c00000|100%| O|  |TAMS 0x0000000082c00000, 0x0000000082b00000| Untracked 
|  44|0x0000000082c00000, 0x0000000082d00000, 0x0000000082d00000|100%| O|  |TAMS 0x0000000082d00000, 0x0000000082c00000| Untracked 
|  45|0x0000000082d00000, 0x0000000082e00000, 0x0000000082e00000|100%| O|  |TAMS 0x0000000082e00000, 0x0000000082d00000| Untracked 
|  46|0x0000000082e00000, 0x0000000082f00000, 0x0000000082f00000|100%| O|  |TAMS 0x0000000082f00000, 0x0000000082e00000| Untracked 
|  47|0x0000000082f00000, 0x0000000083000000, 0x0000000083000000|100%| O|  |TAMS 0x0000000083000000, 0x0000000082f00000| Untracked 
|  48|0x0000000083000000, 0x0000000083100000, 0x0000000083100000|100%| O|  |TAMS 0x0000000083100000, 0x0000000083000000| Untracked 
|  49|0x0000000083100000, 0x0000000083200000, 0x0000000083200000|100%| O|  |TAMS 0x0000000083200000, 0x0000000083100000| Untracked 
|  50|0x0000000083200000, 0x0000000083300000, 0x0000000083300000|100%| O|  |TAMS 0x0000000083300000, 0x0000000083200000| Untracked 
|  51|0x0000000083300000, 0x0000000083400000, 0x0000000083400000|100%| O|  |TAMS 0x0000000083400000, 0x0000000083300000| Untracked 
|  52|0x0000000083400000, 0x0000000083500000, 0x0000000083500000|100%| O|  |TAMS 0x0000000083500000, 0x0000000083400000| Untracked 
|  53|0x0000000083500000, 0x0000000083600000, 0x0000000083600000|100%|HS|  |TAMS 0x0000000083500000, 0x0000000083500000| Complete 
|  54|0x0000000083600000, 0x0000000083700000, 0x0000000083700000|100%|HC|  |TAMS 0x0000000083600000, 0x0000000083600000| Complete 
|  55|0x0000000083700000, 0x0000000083800000, 0x0000000083800000|100%| O|  |TAMS 0x0000000083700000, 0x0000000083700000| Untracked 
|  56|0x0000000083800000, 0x0000000083900000, 0x0000000083900000|100%| O|  |TAMS 0x0000000083800000, 0x0000000083800000| Untracked 
|  57|0x0000000083900000, 0x0000000083a00000, 0x0000000083a00000|100%| O|  |TAMS 0x0000000083900000, 0x0000000083900000| Untracked 
|  58|0x0000000083a00000, 0x0000000083b00000, 0x0000000083b00000|100%| O|  |TAMS 0x0000000083a00000, 0x0000000083a00000| Untracked 
|  59|0x0000000083b00000, 0x0000000083c00000, 0x0000000083c00000|100%| O|  |TAMS 0x0000000083b00000, 0x0000000083b00000| Untracked 
|  60|0x0000000083c00000, 0x0000000083d00000, 0x0000000083d00000|100%| O|  |TAMS 0x0000000083c00000, 0x0000000083c00000| Untracked 
|  61|0x0000000083d00000, 0x0000000083dc1200, 0x0000000083e00000| 75%| O|  |TAMS 0x0000000083d00000, 0x0000000083d00000| Untracked 
|  62|0x0000000083e00000, 0x0000000083f00000, 0x0000000083f00000|100%|HS|  |TAMS 0x0000000083e00000, 0x0000000083e00000| Complete 
|  63|0x0000000083f00000, 0x0000000084000000, 0x0000000084000000|100%|HC|  |TAMS 0x0000000083f00000, 0x0000000083f00000| Complete 
|  64|0x0000000084000000, 0x0000000084100000, 0x0000000084100000|100%|HS|  |TAMS 0x0000000084000000, 0x0000000084000000| Complete 
|  65|0x0000000084100000, 0x0000000084200000, 0x0000000084200000|100%|HC|  |TAMS 0x0000000084100000, 0x0000000084100000| Complete 
|  66|0x0000000084200000, 0x0000000084300000, 0x0000000084300000|100%|HS|  |TAMS 0x0000000084200000, 0x0000000084200000| Complete 
|  67|0x0000000084300000, 0x0000000084400000, 0x0000000084400000|100%|HC|  |TAMS 0x0000000084300000, 0x0000000084300000| Complete 
|  68|0x0000000084400000, 0x0000000084500000, 0x0000000084500000|100%|HS|  |TAMS 0x0000000084400000, 0x0000000084400000| Complete 
|  69|0x0000000084500000, 0x0000000084600000, 0x0000000084600000|100%|HC|  |TAMS 0x0000000084500000, 0x0000000084500000| Complete 
|  70|0x0000000084600000, 0x0000000084700000, 0x0000000084700000|100%| O|  |TAMS 0x0000000084700000, 0x0000000084600000| Untracked 
|  71|0x0000000084700000, 0x0000000084800000, 0x0000000084800000|100%| O|  |TAMS 0x0000000084800000, 0x0000000084700000| Untracked 
|  72|0x0000000084800000, 0x0000000084900000, 0x0000000084900000|100%| O|  |TAMS 0x0000000084900000, 0x0000000084800000| Untracked 
|  73|0x0000000084900000, 0x0000000084a00000, 0x0000000084a00000|100%| O|  |TAMS 0x0000000084a00000, 0x0000000084900000| Untracked 
|  74|0x0000000084a00000, 0x0000000084b00000, 0x0000000084b00000|100%| O|  |TAMS 0x0000000084b00000, 0x0000000084a00000| Untracked 
|  75|0x0000000084b00000, 0x0000000084c00000, 0x0000000084c00000|100%| O|  |TAMS 0x0000000084c00000, 0x0000000084b00000| Untracked 
|  76|0x0000000084c00000, 0x0000000084d00000, 0x0000000084d00000|100%| O|  |TAMS 0x0000000084d00000, 0x0000000084c00000| Untracked 
|  77|0x0000000084d00000, 0x0000000084e00000, 0x0000000084e00000|100%| O|  |TAMS 0x0000000084e00000, 0x0000000084d00000| Untracked 
|  78|0x0000000084e00000, 0x0000000084f00000, 0x0000000084f00000|100%| O|  |TAMS 0x0000000084f00000, 0x0000000084e00000| Untracked 
|  79|0x0000000084f00000, 0x0000000085000000, 0x0000000085000000|100%| O|  |TAMS 0x0000000085000000, 0x0000000084f00000| Untracked 
|  80|0x0000000085000000, 0x0000000085100000, 0x0000000085100000|100%|HS|  |TAMS 0x0000000085000000, 0x0000000085000000| Complete 
|  81|0x0000000085100000, 0x0000000085200000, 0x0000000085200000|100%| O|  |TAMS 0x0000000085200000, 0x0000000085100000| Untracked 
|  82|0x0000000085200000, 0x0000000085300000, 0x0000000085300000|100%|HS|  |TAMS 0x0000000085200000, 0x0000000085200000| Complete 
|  83|0x0000000085300000, 0x0000000085400000, 0x0000000085400000|100%|HC|  |TAMS 0x0000000085300000, 0x0000000085300000| Complete 
|  84|0x0000000085400000, 0x0000000085500000, 0x0000000085500000|100%|HS|  |TAMS 0x0000000085400000, 0x0000000085400000| Complete 
|  85|0x0000000085500000, 0x0000000085600000, 0x0000000085600000|100%|HC|  |TAMS 0x0000000085500000, 0x0000000085500000| Complete 
|  86|0x0000000085600000, 0x0000000085700000, 0x0000000085700000|100%|HS|  |TAMS 0x0000000085600000, 0x0000000085600000| Complete 
|  87|0x0000000085700000, 0x0000000085800000, 0x0000000085800000|100%|HC|  |TAMS 0x0000000085700000, 0x0000000085700000| Complete 
|  88|0x0000000085800000, 0x0000000085900000, 0x0000000085900000|100%|HS|  |TAMS 0x0000000085800000, 0x0000000085800000| Complete 
|  89|0x0000000085900000, 0x0000000085a00000, 0x0000000085a00000|100%|HC|  |TAMS 0x0000000085900000, 0x0000000085900000| Complete 
|  90|0x0000000085a00000, 0x0000000085b00000, 0x0000000085b00000|100%|HS|  |TAMS 0x0000000085a00000, 0x0000000085a00000| Complete 
|  91|0x0000000085b00000, 0x0000000085c00000, 0x0000000085c00000|100%|HC|  |TAMS 0x0000000085b00000, 0x0000000085b00000| Complete 
|  92|0x0000000085c00000, 0x0000000085d00000, 0x0000000085d00000|100%|HS|  |TAMS 0x0000000085c00000, 0x0000000085c00000| Complete 
|  93|0x0000000085d00000, 0x0000000085e00000, 0x0000000085e00000|100%|HC|  |TAMS 0x0000000085d00000, 0x0000000085d00000| Complete 
|  94|0x0000000085e00000, 0x0000000085f00000, 0x0000000085f00000|100%|HS|  |TAMS 0x0000000085e00000, 0x0000000085e00000| Complete 
|  95|0x0000000085f00000, 0x0000000086000000, 0x0000000086000000|100%|HC|  |TAMS 0x0000000085f00000, 0x0000000085f00000| Complete 
|  96|0x0000000086000000, 0x0000000086100000, 0x0000000086100000|100%|HS|  |TAMS 0x0000000086000000, 0x0000000086000000| Complete 
|  97|0x0000000086100000, 0x0000000086200000, 0x0000000086200000|100%|HC|  |TAMS 0x0000000086100000, 0x0000000086100000| Complete 
|  98|0x0000000086200000, 0x0000000086300000, 0x0000000086300000|100%|HS|  |TAMS 0x0000000086200000, 0x0000000086200000| Complete 
|  99|0x0000000086300000, 0x0000000086400000, 0x0000000086400000|100%|HC|  |TAMS 0x0000000086300000, 0x0000000086300000| Complete 
| 100|0x0000000086400000, 0x0000000086500000, 0x0000000086500000|100%|HS|  |TAMS 0x0000000086400000, 0x0000000086400000| Complete 
| 101|0x0000000086500000, 0x0000000086600000, 0x0000000086600000|100%|HC|  |TAMS 0x0000000086500000, 0x0000000086500000| Complete 
| 102|0x0000000086600000, 0x0000000086600000, 0x0000000086700000|  0%| F|  |TAMS 0x0000000086600000, 0x0000000086600000| Untracked 
| 103|0x0000000086700000, 0x0000000086700000, 0x0000000086800000|  0%| F|  |TAMS 0x0000000086700000, 0x0000000086700000| Untracked 
| 104|0x0000000086800000, 0x0000000086800000, 0x0000000086900000|  0%| F|  |TAMS 0x0000000086800000, 0x0000000086800000| Untracked 
| 105|0x0000000086900000, 0x0000000086900000, 0x0000000086a00000|  0%| F|  |TAMS 0x0000000086900000, 0x0000000086900000| Untracked 
| 106|0x0000000086a00000, 0x0000000086a00000, 0x0000000086b00000|  0%| F|  |TAMS 0x0000000086a00000, 0x0000000086a00000| Untracked 
| 107|0x0000000086b00000, 0x0000000086b00000, 0x0000000086c00000|  0%| F|  |TAMS 0x0000000086b00000, 0x0000000086b00000| Untracked 
| 108|0x0000000086c00000, 0x0000000086c00000, 0x0000000086d00000|  0%| F|  |TAMS 0x0000000086c00000, 0x0000000086c00000| Untracked 
| 109|0x0000000086d00000, 0x0000000086d00000, 0x0000000086e00000|  0%| F|  |TAMS 0x0000000086d00000, 0x0000000086d00000| Untracked 
| 110|0x0000000086e00000, 0x0000000086e00000, 0x0000000086f00000|  0%| F|  |TAMS 0x0000000086e00000, 0x0000000086e00000| Untracked 
| 111|0x0000000086f00000, 0x0000000086f00000, 0x0000000087000000|  0%| F|  |TAMS 0x0000000086f00000, 0x0000000086f00000| Untracked 
| 112|0x0000000087000000, 0x0000000087000000, 0x0000000087100000|  0%| F|  |TAMS 0x0000000087000000, 0x0000000087000000| Untracked 
| 113|0x0000000087100000, 0x0000000087100000, 0x0000000087200000|  0%| F|  |TAMS 0x0000000087100000, 0x0000000087100000| Untracked 
| 114|0x0000000087200000, 0x0000000087200000, 0x0000000087300000|  0%| F|  |TAMS 0x0000000087200000, 0x0000000087200000| Untracked 
| 115|0x0000000087300000, 0x0000000087300000, 0x0000000087400000|  0%| F|  |TAMS 0x0000000087300000, 0x0000000087300000| Untracked 
| 116|0x0000000087400000, 0x0000000087400000, 0x0000000087500000|  0%| F|  |TAMS 0x0000000087400000, 0x0000000087400000| Untracked 
| 117|0x0000000087500000, 0x0000000087500000, 0x0000000087600000|  0%| F|  |TAMS 0x0000000087500000, 0x0000000087500000| Untracked 
| 118|0x0000000087600000, 0x0000000087600000, 0x0000000087700000|  0%| F|  |TAMS 0x0000000087600000, 0x0000000087600000| Untracked 
| 119|0x0000000087700000, 0x0000000087700000, 0x0000000087800000|  0%| F|  |TAMS 0x0000000087700000, 0x0000000087700000| Untracked 
| 120|0x0000000087800000, 0x0000000087800000, 0x0000000087900000|  0%| F|  |TAMS 0x0000000087800000, 0x0000000087800000| Untracked 
| 121|0x0000000087900000, 0x0000000087900000, 0x0000000087a00000|  0%| F|  |TAMS 0x0000000087900000, 0x0000000087900000| Untracked 
| 122|0x0000000087a00000, 0x0000000087a00000, 0x0000000087b00000|  0%| F|  |TAMS 0x0000000087a00000, 0x0000000087a00000| Untracked 
| 123|0x0000000087b00000, 0x0000000087b00000, 0x0000000087c00000|  0%| F|  |TAMS 0x0000000087b00000, 0x0000000087b00000| Untracked 
| 124|0x0000000087c00000, 0x0000000087d00000, 0x0000000087d00000|100%| O|  |TAMS 0x0000000087d00000, 0x0000000087c00000| Untracked 
| 125|0x0000000087d00000, 0x0000000087e00000, 0x0000000087e00000|100%| O|  |TAMS 0x0000000087e00000, 0x0000000087d00000| Untracked 
| 126|0x0000000087e00000, 0x0000000087f00000, 0x0000000087f00000|100%| O|  |TAMS 0x0000000087f00000, 0x0000000087e00000| Untracked 
| 127|0x0000000087f00000, 0x0000000087f00000, 0x0000000088000000|  0%| F|  |TAMS 0x0000000087f00000, 0x0000000087f00000| Untracked 
| 128|0x0000000088000000, 0x0000000088000000, 0x0000000088100000|  0%| F|  |TAMS 0x0000000088000000, 0x0000000088000000| Untracked 
| 129|0x0000000088100000, 0x0000000088100000, 0x0000000088200000|  0%| F|  |TAMS 0x0000000088100000, 0x0000000088100000| Untracked 
| 130|0x0000000088200000, 0x0000000088200000, 0x0000000088300000|  0%| F|  |TAMS 0x0000000088200000, 0x0000000088200000| Untracked 
| 131|0x0000000088300000, 0x0000000088300000, 0x0000000088400000|  0%| F|  |TAMS 0x0000000088300000, 0x0000000088300000| Untracked 
| 132|0x0000000088400000, 0x0000000088400000, 0x0000000088500000|  0%| F|  |TAMS 0x0000000088400000, 0x0000000088400000| Untracked 
| 133|0x0000000088500000, 0x0000000088500000, 0x0000000088600000|  0%| F|  |TAMS 0x0000000088500000, 0x0000000088500000| Untracked 
| 134|0x0000000088600000, 0x0000000088600000, 0x0000000088700000|  0%| F|  |TAMS 0x0000000088600000, 0x0000000088600000| Untracked 
| 135|0x0000000088700000, 0x0000000088700000, 0x0000000088800000|  0%| F|  |TAMS 0x0000000088700000, 0x0000000088700000| Untracked 
| 136|0x0000000088800000, 0x0000000088800000, 0x0000000088900000|  0%| F|  |TAMS 0x0000000088800000, 0x0000000088800000| Untracked 
| 137|0x0000000088900000, 0x0000000088900000, 0x0000000088a00000|  0%| F|  |TAMS 0x0000000088900000, 0x0000000088900000| Untracked 
| 138|0x0000000088a00000, 0x0000000088a00000, 0x0000000088b00000|  0%| F|  |TAMS 0x0000000088a00000, 0x0000000088a00000| Untracked 
| 139|0x0000000088b00000, 0x0000000088b00000, 0x0000000088c00000|  0%| F|  |TAMS 0x0000000088b00000, 0x0000000088b00000| Untracked 
| 140|0x0000000088c00000, 0x0000000088c00000, 0x0000000088d00000|  0%| F|  |TAMS 0x0000000088c00000, 0x0000000088c00000| Untracked 
| 141|0x0000000088d00000, 0x0000000088d00000, 0x0000000088e00000|  0%| F|  |TAMS 0x0000000088d00000, 0x0000000088d00000| Untracked 
| 142|0x0000000088e00000, 0x0000000088e00000, 0x0000000088f00000|  0%| F|  |TAMS 0x0000000088e00000, 0x0000000088e00000| Untracked 
| 143|0x0000000088f00000, 0x0000000088f00000, 0x0000000089000000|  0%| F|  |TAMS 0x0000000088f00000, 0x0000000088f00000| Untracked 
| 144|0x0000000089000000, 0x0000000089000000, 0x0000000089100000|  0%| F|  |TAMS 0x0000000089000000, 0x0000000089000000| Untracked 
| 145|0x0000000089100000, 0x0000000089100000, 0x0000000089200000|  0%| F|  |TAMS 0x0000000089100000, 0x0000000089100000| Untracked 
| 146|0x0000000089200000, 0x0000000089200000, 0x0000000089300000|  0%| F|  |TAMS 0x0000000089200000, 0x0000000089200000| Untracked 
| 147|0x0000000089300000, 0x0000000089300000, 0x0000000089400000|  0%| F|  |TAMS 0x0000000089300000, 0x0000000089300000| Untracked 
| 148|0x0000000089400000, 0x0000000089400000, 0x0000000089500000|  0%| F|  |TAMS 0x0000000089400000, 0x0000000089400000| Untracked 
| 149|0x0000000089500000, 0x0000000089500000, 0x0000000089600000|  0%| F|  |TAMS 0x0000000089500000, 0x0000000089500000| Untracked 
| 150|0x0000000089600000, 0x0000000089600000, 0x0000000089700000|  0%| F|  |TAMS 0x0000000089600000, 0x0000000089600000| Untracked 
| 151|0x0000000089700000, 0x0000000089700000, 0x0000000089800000|  0%| F|  |TAMS 0x0000000089700000, 0x0000000089700000| Untracked 
| 152|0x0000000089800000, 0x0000000089800000, 0x0000000089900000|  0%| F|  |TAMS 0x0000000089800000, 0x0000000089800000| Untracked 
| 153|0x0000000089900000, 0x0000000089900000, 0x0000000089a00000|  0%| F|  |TAMS 0x0000000089900000, 0x0000000089900000| Untracked 
| 154|0x0000000089a00000, 0x0000000089a00000, 0x0000000089b00000|  0%| F|  |TAMS 0x0000000089a00000, 0x0000000089a00000| Untracked 
| 155|0x0000000089b00000, 0x0000000089b00000, 0x0000000089c00000|  0%| F|  |TAMS 0x0000000089b00000, 0x0000000089b00000| Untracked 
| 156|0x0000000089c00000, 0x0000000089c00000, 0x0000000089d00000|  0%| F|  |TAMS 0x0000000089c00000, 0x0000000089c00000| Untracked 
| 157|0x0000000089d00000, 0x0000000089d00000, 0x0000000089e00000|  0%| F|  |TAMS 0x0000000089d00000, 0x0000000089d00000| Untracked 
| 158|0x0000000089e00000, 0x0000000089e00000, 0x0000000089f00000|  0%| F|  |TAMS 0x0000000089e00000, 0x0000000089e00000| Untracked 
| 159|0x0000000089f00000, 0x0000000089f00000, 0x000000008a000000|  0%| F|  |TAMS 0x0000000089f00000, 0x0000000089f00000| Untracked 
| 160|0x000000008a000000, 0x000000008a000000, 0x000000008a100000|  0%| F|  |TAMS 0x000000008a000000, 0x000000008a000000| Untracked 
| 161|0x000000008a100000, 0x000000008a100000, 0x000000008a200000|  0%| F|  |TAMS 0x000000008a100000, 0x000000008a100000| Untracked 
| 162|0x000000008a200000, 0x000000008a200000, 0x000000008a300000|  0%| F|  |TAMS 0x000000008a200000, 0x000000008a200000| Untracked 
| 163|0x000000008a300000, 0x000000008a300000, 0x000000008a400000|  0%| F|  |TAMS 0x000000008a300000, 0x000000008a300000| Untracked 
| 164|0x000000008a400000, 0x000000008a400000, 0x000000008a500000|  0%| F|  |TAMS 0x000000008a400000, 0x000000008a400000| Untracked 
| 165|0x000000008a500000, 0x000000008a600000, 0x000000008a600000|100%| E|  |TAMS 0x000000008a500000, 0x000000008a500000| Complete 
| 166|0x000000008a600000, 0x000000008a700000, 0x000000008a700000|100%| E|CS|TAMS 0x000000008a600000, 0x000000008a600000| Complete 
| 167|0x000000008a700000, 0x000000008a800000, 0x000000008a800000|100%| E|CS|TAMS 0x000000008a700000, 0x000000008a700000| Complete 
| 168|0x000000008a800000, 0x000000008a900000, 0x000000008a900000|100%| E|CS|TAMS 0x000000008a800000, 0x000000008a800000| Complete 
| 169|0x000000008a900000, 0x000000008aa00000, 0x000000008aa00000|100%| E|CS|TAMS 0x000000008a900000, 0x000000008a900000| Complete 
| 170|0x000000008aa00000, 0x000000008ab00000, 0x000000008ab00000|100%| E|CS|TAMS 0x000000008aa00000, 0x000000008aa00000| Complete 
| 171|0x000000008ab00000, 0x000000008ac00000, 0x000000008ac00000|100%| E|CS|TAMS 0x000000008ab00000, 0x000000008ab00000| Complete 
| 172|0x000000008ac00000, 0x000000008ad00000, 0x000000008ad00000|100%| E|CS|TAMS 0x000000008ac00000, 0x000000008ac00000| Complete 
| 173|0x000000008ad00000, 0x000000008ae00000, 0x000000008ae00000|100%| E|CS|TAMS 0x000000008ad00000, 0x000000008ad00000| Complete 
| 174|0x000000008ae00000, 0x000000008af00000, 0x000000008af00000|100%| E|CS|TAMS 0x000000008ae00000, 0x000000008ae00000| Complete 
| 175|0x000000008af00000, 0x000000008b000000, 0x000000008b000000|100%| E|CS|TAMS 0x000000008af00000, 0x000000008af00000| Complete 
| 176|0x000000008b000000, 0x000000008b100000, 0x000000008b100000|100%| E|CS|TAMS 0x000000008b000000, 0x000000008b000000| Complete 
| 177|0x000000008b100000, 0x000000008b200000, 0x000000008b200000|100%| E|CS|TAMS 0x000000008b100000, 0x000000008b100000| Complete 
| 178|0x000000008b200000, 0x000000008b300000, 0x000000008b300000|100%| E|CS|TAMS 0x000000008b200000, 0x000000008b200000| Complete 
| 179|0x000000008b300000, 0x000000008b400000, 0x000000008b400000|100%| E|CS|TAMS 0x000000008b300000, 0x000000008b300000| Complete 
| 180|0x000000008b400000, 0x000000008b500000, 0x000000008b500000|100%| E|CS|TAMS 0x000000008b400000, 0x000000008b400000| Complete 
| 181|0x000000008b500000, 0x000000008b600000, 0x000000008b600000|100%| E|CS|TAMS 0x000000008b500000, 0x000000008b500000| Complete 
| 182|0x000000008b600000, 0x000000008b700000, 0x000000008b700000|100%| E|CS|TAMS 0x000000008b600000, 0x000000008b600000| Complete 
| 183|0x000000008b700000, 0x000000008b800000, 0x000000008b800000|100%| E|CS|TAMS 0x000000008b700000, 0x000000008b700000| Complete 
| 184|0x000000008b800000, 0x000000008b900000, 0x000000008b900000|100%| E|CS|TAMS 0x000000008b800000, 0x000000008b800000| Complete 
| 185|0x000000008b900000, 0x000000008ba00000, 0x000000008ba00000|100%| E|CS|TAMS 0x000000008b900000, 0x000000008b900000| Complete 
| 186|0x000000008ba00000, 0x000000008bb00000, 0x000000008bb00000|100%| E|CS|TAMS 0x000000008ba00000, 0x000000008ba00000| Complete 
| 187|0x000000008bb00000, 0x000000008bc00000, 0x000000008bc00000|100%| E|CS|TAMS 0x000000008bb00000, 0x000000008bb00000| Complete 
| 188|0x000000008bc00000, 0x000000008bd00000, 0x000000008bd00000|100%| E|CS|TAMS 0x000000008bc00000, 0x000000008bc00000| Complete 
| 189|0x000000008bd00000, 0x000000008be00000, 0x000000008be00000|100%| E|CS|TAMS 0x000000008bd00000, 0x000000008bd00000| Complete 
| 190|0x000000008be00000, 0x000000008bf00000, 0x000000008bf00000|100%| E|CS|TAMS 0x000000008be00000, 0x000000008be00000| Complete 
| 191|0x000000008bf00000, 0x000000008c000000, 0x000000008c000000|100%| E|CS|TAMS 0x000000008bf00000, 0x000000008bf00000| Complete 
| 192|0x000000008c000000, 0x000000008c100000, 0x000000008c100000|100%| E|CS|TAMS 0x000000008c000000, 0x000000008c000000| Complete 
| 193|0x000000008c100000, 0x000000008c200000, 0x000000008c200000|100%| E|CS|TAMS 0x000000008c100000, 0x000000008c100000| Complete 
| 194|0x000000008c200000, 0x000000008c300000, 0x000000008c300000|100%| E|CS|TAMS 0x000000008c200000, 0x000000008c200000| Complete 
| 195|0x000000008c300000, 0x000000008c400000, 0x000000008c400000|100%| E|CS|TAMS 0x000000008c300000, 0x000000008c300000| Complete 
| 196|0x000000008c400000, 0x000000008c500000, 0x000000008c500000|100%| E|CS|TAMS 0x000000008c400000, 0x000000008c400000| Complete 
| 197|0x000000008c500000, 0x000000008c600000, 0x000000008c600000|100%| E|CS|TAMS 0x000000008c500000, 0x000000008c500000| Complete 
| 198|0x000000008c600000, 0x000000008c700000, 0x000000008c700000|100%| E|CS|TAMS 0x000000008c600000, 0x000000008c600000| Complete 
| 199|0x000000008c700000, 0x000000008c800000, 0x000000008c800000|100%| E|CS|TAMS 0x000000008c700000, 0x000000008c700000| Complete 
| 200|0x000000008c800000, 0x000000008c900000, 0x000000008c900000|100%| E|CS|TAMS 0x000000008c800000, 0x000000008c800000| Complete 
| 201|0x000000008c900000, 0x000000008ca00000, 0x000000008ca00000|100%| E|CS|TAMS 0x000000008c900000, 0x000000008c900000| Complete 
| 202|0x000000008ca00000, 0x000000008cb00000, 0x000000008cb00000|100%| E|CS|TAMS 0x000000008ca00000, 0x000000008ca00000| Complete 
| 203|0x000000008cb00000, 0x000000008cc00000, 0x000000008cc00000|100%| E|CS|TAMS 0x000000008cb00000, 0x000000008cb00000| Complete 
| 204|0x000000008cc00000, 0x000000008cd00000, 0x000000008cd00000|100%| E|CS|TAMS 0x000000008cc00000, 0x000000008cc00000| Complete 
| 205|0x000000008cd00000, 0x000000008ce00000, 0x000000008ce00000|100%| E|CS|TAMS 0x000000008cd00000, 0x000000008cd00000| Complete 
| 206|0x000000008ce00000, 0x000000008cf00000, 0x000000008cf00000|100%| E|CS|TAMS 0x000000008ce00000, 0x000000008ce00000| Complete 
| 207|0x000000008cf00000, 0x000000008d000000, 0x000000008d000000|100%| E|CS|TAMS 0x000000008cf00000, 0x000000008cf00000| Complete 
| 208|0x000000008d000000, 0x000000008d100000, 0x000000008d100000|100%| E|CS|TAMS 0x000000008d000000, 0x000000008d000000| Complete 
| 209|0x000000008d100000, 0x000000008d200000, 0x000000008d200000|100%| E|CS|TAMS 0x000000008d100000, 0x000000008d100000| Complete 
| 210|0x000000008d200000, 0x000000008d300000, 0x000000008d300000|100%| E|CS|TAMS 0x000000008d200000, 0x000000008d200000| Complete 
| 211|0x000000008d300000, 0x000000008d400000, 0x000000008d400000|100%| E|CS|TAMS 0x000000008d300000, 0x000000008d300000| Complete 
| 212|0x000000008d400000, 0x000000008d500000, 0x000000008d500000|100%| E|CS|TAMS 0x000000008d400000, 0x000000008d400000| Complete 
| 213|0x000000008d500000, 0x000000008d600000, 0x000000008d600000|100%| E|CS|TAMS 0x000000008d500000, 0x000000008d500000| Complete 
| 214|0x000000008d600000, 0x000000008d700000, 0x000000008d700000|100%| E|CS|TAMS 0x000000008d600000, 0x000000008d600000| Complete 
| 215|0x000000008d700000, 0x000000008d800000, 0x000000008d800000|100%| E|CS|TAMS 0x000000008d700000, 0x000000008d700000| Complete 
| 216|0x000000008d800000, 0x000000008d900000, 0x000000008d900000|100%| E|CS|TAMS 0x000000008d800000, 0x000000008d800000| Complete 
| 217|0x000000008d900000, 0x000000008da00000, 0x000000008da00000|100%| E|CS|TAMS 0x000000008d900000, 0x000000008d900000| Complete 
| 218|0x000000008da00000, 0x000000008db00000, 0x000000008db00000|100%| E|CS|TAMS 0x000000008da00000, 0x000000008da00000| Complete 
| 219|0x000000008db00000, 0x000000008dc00000, 0x000000008dc00000|100%| E|CS|TAMS 0x000000008db00000, 0x000000008db00000| Complete 
| 220|0x000000008dc00000, 0x000000008dd00000, 0x000000008dd00000|100%| E|CS|TAMS 0x000000008dc00000, 0x000000008dc00000| Complete 
| 221|0x000000008dd00000, 0x000000008de00000, 0x000000008de00000|100%| E|CS|TAMS 0x000000008dd00000, 0x000000008dd00000| Complete 
| 222|0x000000008de00000, 0x000000008df00000, 0x000000008df00000|100%| E|CS|TAMS 0x000000008de00000, 0x000000008de00000| Complete 
| 223|0x000000008df00000, 0x000000008e000000, 0x000000008e000000|100%| E|CS|TAMS 0x000000008df00000, 0x000000008df00000| Complete 
| 224|0x000000008e000000, 0x000000008e100000, 0x000000008e100000|100%| E|CS|TAMS 0x000000008e000000, 0x000000008e000000| Complete 
| 225|0x000000008e100000, 0x000000008e200000, 0x000000008e200000|100%| E|CS|TAMS 0x000000008e100000, 0x000000008e100000| Complete 
| 226|0x000000008e200000, 0x000000008e300000, 0x000000008e300000|100%| E|CS|TAMS 0x000000008e200000, 0x000000008e200000| Complete 
| 227|0x000000008e300000, 0x000000008e400000, 0x000000008e400000|100%| E|CS|TAMS 0x000000008e300000, 0x000000008e300000| Complete 
| 228|0x000000008e400000, 0x000000008e500000, 0x000000008e500000|100%| E|CS|TAMS 0x000000008e400000, 0x000000008e400000| Complete 
| 229|0x000000008e500000, 0x000000008e600000, 0x000000008e600000|100%| E|  |TAMS 0x000000008e500000, 0x000000008e500000| Complete 
| 230|0x000000008e600000, 0x000000008e700000, 0x000000008e700000|100%| E|CS|TAMS 0x000000008e600000, 0x000000008e600000| Complete 
| 231|0x000000008e700000, 0x000000008e800000, 0x000000008e800000|100%| E|CS|TAMS 0x000000008e700000, 0x000000008e700000| Complete 
| 232|0x000000008e800000, 0x000000008e900000, 0x000000008e900000|100%| E|CS|TAMS 0x000000008e800000, 0x000000008e800000| Complete 
| 233|0x000000008e900000, 0x000000008ea00000, 0x000000008ea00000|100%| E|CS|TAMS 0x000000008e900000, 0x000000008e900000| Complete 
| 234|0x000000008ea00000, 0x000000008eb00000, 0x000000008eb00000|100%| E|CS|TAMS 0x000000008ea00000, 0x000000008ea00000| Complete 
| 235|0x000000008eb00000, 0x000000008ec00000, 0x000000008ec00000|100%| E|CS|TAMS 0x000000008eb00000, 0x000000008eb00000| Complete 
| 236|0x000000008ec00000, 0x000000008ed00000, 0x000000008ed00000|100%| E|CS|TAMS 0x000000008ec00000, 0x000000008ec00000| Complete 
| 237|0x000000008ed00000, 0x000000008ee00000, 0x000000008ee00000|100%| E|CS|TAMS 0x000000008ed00000, 0x000000008ed00000| Complete 
| 238|0x000000008ee00000, 0x000000008ef00000, 0x000000008ef00000|100%| E|CS|TAMS 0x000000008ee00000, 0x000000008ee00000| Complete 
| 239|0x000000008ef00000, 0x000000008f000000, 0x000000008f000000|100%| E|CS|TAMS 0x000000008ef00000, 0x000000008ef00000| Complete 
| 240|0x000000008f000000, 0x000000008f100000, 0x000000008f100000|100%| E|CS|TAMS 0x000000008f000000, 0x000000008f000000| Complete 
| 241|0x000000008f100000, 0x000000008f200000, 0x000000008f200000|100%| E|CS|TAMS 0x000000008f100000, 0x000000008f100000| Complete 
| 242|0x000000008f200000, 0x000000008f300000, 0x000000008f300000|100%| E|CS|TAMS 0x000000008f200000, 0x000000008f200000| Complete 
| 243|0x000000008f300000, 0x000000008f400000, 0x000000008f400000|100%| E|CS|TAMS 0x000000008f300000, 0x000000008f300000| Complete 
| 244|0x000000008f400000, 0x000000008f500000, 0x000000008f500000|100%| E|CS|TAMS 0x000000008f400000, 0x000000008f400000| Complete 
| 245|0x000000008f500000, 0x000000008f600000, 0x000000008f600000|100%| E|CS|TAMS 0x000000008f500000, 0x000000008f500000| Complete 
| 246|0x000000008f600000, 0x000000008f700000, 0x000000008f700000|100%| E|CS|TAMS 0x000000008f600000, 0x000000008f600000| Complete 
| 247|0x000000008f700000, 0x000000008f800000, 0x000000008f800000|100%| E|CS|TAMS 0x000000008f700000, 0x000000008f700000| Complete 
| 248|0x000000008f800000, 0x000000008f900000, 0x000000008f900000|100%| E|CS|TAMS 0x000000008f800000, 0x000000008f800000| Complete 
| 249|0x000000008f900000, 0x000000008fa00000, 0x000000008fa00000|100%| E|CS|TAMS 0x000000008f900000, 0x000000008f900000| Complete 
| 250|0x000000008fa00000, 0x000000008fb00000, 0x000000008fb00000|100%| E|CS|TAMS 0x000000008fa00000, 0x000000008fa00000| Complete 
| 251|0x000000008fb00000, 0x000000008fc00000, 0x000000008fc00000|100%| E|CS|TAMS 0x000000008fb00000, 0x000000008fb00000| Complete 
| 252|0x000000008fc00000, 0x000000008fcb4140, 0x000000008fd00000| 70%| S|CS|TAMS 0x000000008fc00000, 0x000000008fc00000| Complete 
| 253|0x000000008fd00000, 0x000000008fe00000, 0x000000008fe00000|100%| O|  |TAMS 0x000000008fdac200, 0x000000008fd00000| Untracked 
| 254|0x000000008fe00000, 0x000000008ff00000, 0x000000008ff00000|100%| S|CS|TAMS 0x000000008fe00000, 0x000000008fe00000| Complete 
| 255|0x000000008ff00000, 0x0000000090000000, 0x0000000090000000|100%| E|CS|TAMS 0x000000008ff00000, 0x000000008ff00000| Complete 
| 256|0x0000000090000000, 0x0000000090100000, 0x0000000090100000|100%| E|CS|TAMS 0x0000000090000000, 0x0000000090000000| Complete 
| 257|0x0000000090100000, 0x0000000090200000, 0x0000000090200000|100%| E|CS|TAMS 0x0000000090100000, 0x0000000090100000| Complete 
| 258|0x0000000090200000, 0x0000000090300000, 0x0000000090300000|100%| E|CS|TAMS 0x0000000090200000, 0x0000000090200000| Complete 

Card table byte_map: [0x000001c0d5150000,0x000001c0d5550000] _byte_map_base: 0x000001c0d4d50000

Marking Bits (Prev, Next): (CMBitMap*) 0x000001c0c1d52d98, (CMBitMap*) 0x000001c0c1d52dd0
 Prev Bits: [0x000001c0d5950000, 0x000001c0d7950000)
 Next Bits: [0x000001c0d7950000, 0x000001c0d9950000)

Polling page: 0x000001c0bfca0000

Metaspace:

Usage:
  Non-class:     99.39 MB capacity,    97.25 MB ( 98%) used,     1.76 MB (  2%) free+waste,   402.31 KB ( <1%) overhead. 
      Class:     15.60 MB capacity,    14.34 MB ( 92%) used,     1.08 MB (  7%) free+waste,   180.69 KB (  1%) overhead. 
       Both:    114.99 MB capacity,   111.59 MB ( 97%) used,     2.83 MB (  2%) free+waste,   583.00 KB ( <1%) overhead. 

Virtual space:
  Non-class space:      100.00 MB reserved,      99.43 MB (>99%) committed 
      Class space:        1.00 GB reserved,      15.70 MB (  2%) committed 
             Both:        1.10 GB reserved,     115.13 MB ( 10%) committed 

Chunk freelists:
   Non-Class:  32.00 KB
       Class:  0 bytes
        Both:  32.00 KB

MaxMetaspaceSize: 17179869184.00 GB
CompressedClassSpaceSize: 1.00 GB

CodeHeap 'non-profiled nmethods': size=120000Kb used=14547Kb max_used=14547Kb free=105452Kb
 bounds [0x000001c0cd2d0000, 0x000001c0ce110000, 0x000001c0d4800000]
CodeHeap 'profiled nmethods': size=120000Kb used=39072Kb max_used=39072Kb free=80928Kb
 bounds [0x000001c0c5da0000, 0x000001c0c83e0000, 0x000001c0cd2d0000]
CodeHeap 'non-nmethods': size=5760Kb used=2346Kb max_used=2403Kb free=3413Kb
 bounds [0x000001c0c5800000, 0x000001c0c5a70000, 0x000001c0c5da0000]
 total_blobs=18649 nmethods=17681 adapters=878
 compilation: enabled
              stopped_count=0, restarted_count=0
 full_count=0

Compilation events (20 events):
Event: 3120.477 Thread 0x000001c0dceab000 18595       4       sun.security.provider.SHA2::implCompress (13 bytes)
Event: 3120.478 Thread 0x000001c0dceab000 nmethod 18595 0x000001c0ce102a90 code [0x000001c0ce102c40, 0x000001c0ce102d28]
Event: 3120.478 Thread 0x000001c0dceab000 18596       4       java.math.MutableBigInteger::rightShift (79 bytes)
Event: 3120.480 Thread 0x000001c0dcead800 18598       3       java.math.BigInteger::compareTo (71 bytes)
Event: 3120.480 Thread 0x000001c0dcead800 nmethod 18598 0x000001c0c83d1210 code [0x000001c0c83d13e0, 0x000001c0c83d1698]
Event: 3120.480 Thread 0x000001c0dcead800 18599       3       java.math.BigInteger::equals (91 bytes)
Event: 3120.481 Thread 0x000001c0dcead800 nmethod 18599 0x000001c0c83d1790 code [0x000001c0c83d1980, 0x000001c0c83d1ed8]
Event: 3120.486 Thread 0x000001c0dceab000 nmethod 18596 0x000001c0ce102e10 code [0x000001c0ce102fc0, 0x000001c0ce103598]
Event: 3120.486 Thread 0x000001c0dceab000 18597       4       java.math.MutableBigInteger::isOne (27 bytes)
Event: 3120.486 Thread 0x000001c0dceab000 nmethod 18597 0x000001c0ce103810 code [0x000001c0ce1039a0, 0x000001c0ce103a58]
Event: 3120.509 Thread 0x000001c0dcead800 18600       1       kotlin.sequences.TransformingSequence::access$getTransformer$p (5 bytes)
Event: 3120.509 Thread 0x000001c0dcead800 nmethod 18600 0x000001c0ce103b10 code [0x000001c0ce103cc0, 0x000001c0ce103d58]
Event: 3120.731 Thread 0x000001c0dcead800 18601       3       java.util.concurrent.SynchronousQueue$TransferStack::casHead (26 bytes)
Event: 3120.733 Thread 0x000001c0dcead800 nmethod 18601 0x000001c0c83d2090 code [0x000001c0c83d2320, 0x000001c0c83d2e18]
Event: 3120.733 Thread 0x000001c0dcead800 18602       3       java.lang.CompoundEnumeration::hasMoreElements (5 bytes)
Event: 3120.734 Thread 0x000001c0dcead800 nmethod 18602 0x000001c0c83d3210 code [0x000001c0c83d33c0, 0x000001c0c83d34e8]
Event: 3120.738 Thread 0x000001c0dceab000 18603       4       java.io.StringWriter::write (11 bytes)
Event: 3120.745 Thread 0x000001c0dceab000 nmethod 18603 0x000001c0ce103e10 code [0x000001c0ce103fe0, 0x000001c0ce104878]
Event: 3120.762 Thread 0x000001c0dcead800 18604       3       java.text.DecimalFormatSymbols::getInstance (37 bytes)
Event: 3120.762 Thread 0x000001c0dcead800 nmethod 18604 0x000001c0c83d3590 code [0x000001c0c83d37a0, 0x000001c0c83d3c98]

GC Heap History (20 events):
Event: 222.824 GC heap before
{Heap before GC invocations=11 (full 0):
 garbage-first heap   total 258048K, used 194605K [0x0000000080000000, 0x0000000100000000)
  region size 1024K, 139 young (142336K), 10 survivors (10240K)
 Metaspace       used 81763K, capacity 84253K, committed 84480K, reserved 1122304K
  class space    used 10650K, capacity 11560K, committed 11596K, reserved 1048576K
}
Event: 222.834 GC heap after
{Heap after GC invocations=12 (full 0):
 garbage-first heap   total 258048K, used 66322K [0x0000000080000000, 0x0000000100000000)
  region size 1024K, 13 young (13312K), 13 survivors (13312K)
 Metaspace       used 81763K, capacity 84253K, committed 84480K, reserved 1122304K
  class space    used 10650K, capacity 11560K, committed 11596K, reserved 1048576K
}
Event: 256.515 GC heap before
{Heap before GC invocations=12 (full 0):
 garbage-first heap   total 258048K, used 216850K [0x0000000080000000, 0x0000000100000000)
  region size 1024K, 144 young (147456K), 13 survivors (13312K)
 Metaspace       used 89037K, capacity 91575K, committed 91776K, reserved 1128448K
  class space    used 11428K, capacity 12361K, committed 12492K, reserved 1048576K
}
Event: 256.527 GC heap after
{Heap after GC invocations=13 (full 0):
 garbage-first heap   total 258048K, used 72649K [0x0000000080000000, 0x0000000100000000)
  region size 1024K, 11 young (11264K), 11 survivors (11264K)
 Metaspace       used 89037K, capacity 91575K, committed 91776K, reserved 1128448K
  class space    used 11428K, capacity 12361K, committed 12492K, reserved 1048576K
}
Event: 726.389 GC heap before
{Heap before GC invocations=13 (full 0):
 garbage-first heap   total 258048K, used 220105K [0x0000000080000000, 0x0000000100000000)
  region size 1024K, 139 young (142336K), 11 survivors (11264K)
 Metaspace       used 91769K, capacity 94533K, committed 94848K, reserved 1132544K
  class space    used 11681K, capacity 12675K, committed 12748K, reserved 1048576K
}
Event: 726.400 GC heap after
{Heap after GC invocations=14 (full 0):
 garbage-first heap   total 258048K, used 79084K [0x0000000080000000, 0x0000000100000000)
  region size 1024K, 13 young (13312K), 13 survivors (13312K)
 Metaspace       used 91769K, capacity 94533K, committed 94848K, reserved 1132544K
  class space    used 11681K, capacity 12675K, committed 12748K, reserved 1048576K
}
Event: 1057.042 GC heap before
{Heap before GC invocations=14 (full 0):
 garbage-first heap   total 258048K, used 249068K [0x0000000080000000, 0x0000000100000000)
  region size 1024K, 134 young (137216K), 13 survivors (13312K)
 Metaspace       used 94044K, capacity 96872K, committed 97152K, reserved 1134592K
  class space    used 11934K, capacity 12973K, committed 13004K, reserved 1048576K
}
Event: 1057.050 GC heap after
{Heap after GC invocations=15 (full 0):
 garbage-first heap   total 262144K, used 77488K [0x0000000080000000, 0x0000000100000000)
  region size 1024K, 7 young (7168K), 7 survivors (7168K)
 Metaspace       used 94044K, capacity 96872K, committed 97152K, reserved 1134592K
  class space    used 11934K, capacity 12973K, committed 13004K, reserved 1048576K
}
Event: 1082.371 GC heap before
{Heap before GC invocations=15 (full 0):
 garbage-first heap   total 262144K, used 253616K [0x0000000080000000, 0x0000000100000000)
  region size 1024K, 134 young (137216K), 7 survivors (7168K)
 Metaspace       used 94546K, capacity 97367K, committed 97536K, reserved 1134592K
  class space    used 11962K, capacity 13025K, committed 13132K, reserved 1048576K
}
Event: 1082.377 GC heap after
{Heap after GC invocations=16 (full 0):
 garbage-first heap   total 263168K, used 78421K [0x0000000080000000, 0x0000000100000000)
  region size 1024K, 8 young (8192K), 8 survivors (8192K)
 Metaspace       used 94546K, capacity 97367K, committed 97536K, reserved 1134592K
  class space    used 11962K, capacity 13025K, committed 13132K, reserved 1048576K
}
Event: 2111.477 GC heap before
{Heap before GC invocations=16 (full 0):
 garbage-first heap   total 263168K, used 256597K [0x0000000080000000, 0x0000000100000000)
  region size 1024K, 137 young (140288K), 8 survivors (8192K)
 Metaspace       used 94914K, capacity 97845K, committed 98048K, reserved 1134592K
  class space    used 11965K, capacity 13028K, committed 13132K, reserved 1048576K
}
Event: 2111.482 GC heap after
{Heap after GC invocations=17 (full 0):
 garbage-first heap   total 265216K, used 76755K [0x0000000080000000, 0x0000000100000000)
  region size 1024K, 7 young (7168K), 7 survivors (7168K)
 Metaspace       used 94914K, capacity 97845K, committed 98048K, reserved 1134592K
  class space    used 11965K, capacity 13028K, committed 13132K, reserved 1048576K
}
Event: 3093.668 GC heap before
{Heap before GC invocations=17 (full 0):
 garbage-first heap   total 265216K, used 241619K [0x0000000080000000, 0x0000000100000000)
  region size 1024K, 140 young (143360K), 7 survivors (7168K)
 Metaspace       used 97329K, capacity 100575K, committed 100736K, reserved 1136640K
  class space    used 12300K, capacity 13485K, committed 13516K, reserved 1048576K
}
Event: 3093.676 GC heap after
{Heap after GC invocations=18 (full 0):
 garbage-first heap   total 265216K, used 78983K [0x0000000080000000, 0x0000000100000000)
  region size 1024K, 9 young (9216K), 9 survivors (9216K)
 Metaspace       used 97329K, capacity 100575K, committed 100736K, reserved 1136640K
  class space    used 12300K, capacity 13485K, committed 13516K, reserved 1048576K
}
Event: 3093.684 GC heap before
{Heap before GC invocations=18 (full 0):
 garbage-first heap   total 265216K, used 78983K [0x0000000080000000, 0x0000000100000000)
  region size 1024K, 10 young (10240K), 9 survivors (9216K)
 Metaspace       used 97574K, capacity 100768K, committed 100908K, reserved 1136640K
  class space    used 12335K, capacity 13485K, committed 13516K, reserved 1048576K
}
Event: 3093.690 GC heap after
{Heap after GC invocations=19 (full 0):
 garbage-first heap   total 265216K, used 79140K [0x0000000080000000, 0x0000000100000000)
  region size 1024K, 9 young (9216K), 9 survivors (9216K)
 Metaspace       used 97574K, capacity 100768K, committed 100908K, reserved 1136640K
  class space    used 12335K, capacity 13485K, committed 13516K, reserved 1048576K
}
Event: 3118.543 GC heap before
{Heap before GC invocations=20 (full 0):
 garbage-first heap   total 265216K, used 237860K [0x0000000080000000, 0x0000000100000000)
  region size 1024K, 134 young (137216K), 9 survivors (9216K)
 Metaspace       used 113694K, capacity 117148K, committed 117248K, reserved 1150976K
  class space    used 14654K, capacity 15911K, committed 15948K, reserved 1048576K
}
Event: 3118.550 GC heap after
{Heap after GC invocations=21 (full 0):
 garbage-first heap   total 265216K, used 80163K [0x0000000080000000, 0x0000000100000000)
  region size 1024K, 8 young (8192K), 8 survivors (8192K)
 Metaspace       used 113694K, capacity 117148K, committed 117248K, reserved 1150976K
  class space    used 14654K, capacity 15911K, committed 15948K, reserved 1048576K
}
Event: 3118.605 GC heap before
{Heap before GC invocations=21 (full 0):
 garbage-first heap   total 265216K, used 84259K [0x0000000080000000, 0x0000000100000000)
  region size 1024K, 12 young (12288K), 8 survivors (8192K)
 Metaspace       used 113701K, capacity 117148K, committed 117248K, reserved 1150976K
  class space    used 14654K, capacity 15911K, committed 15948K, reserved 1048576K
}
Event: 3118.613 GC heap after
{Heap after GC invocations=22 (full 0):
 garbage-first heap   total 265216K, used 78292K [0x0000000080000000, 0x0000000100000000)
  region size 1024K, 2 young (2048K), 2 survivors (2048K)
 Metaspace       used 113701K, capacity 117148K, committed 117248K, reserved 1150976K
  class space    used 14654K, capacity 15911K, committed 15948K, reserved 1048576K
}

Deoptimization events (20 events):
Event: 3119.469 Thread 0x000001c0e4f09800 Uncommon trap: trap_request=0xffffff4d fr.pc=0x000001c0cd38d910 relative=0x00000000000007b0
Event: 3119.469 Thread 0x000001c0e4f09800 Uncommon trap: reason=unstable_if action=reinterpret pc=0x000001c0cd38d910 method=com.sun.tools.javac.code.Scope$ScopeImpl.lookup(Lcom/sun/tools/javac/util/Name;Lcom/sun/tools/javac/util/Filter;)Lcom/sun/tools/javac/code/Scope$Entry; @ 19 c2
Event: 3119.469 Thread 0x000001c0e4f09800 DEOPT PACKING pc=0x000001c0cd38d910 sp=0x0000007d189f7b20
Event: 3119.469 Thread 0x000001c0e4f09800 DEOPT UNPACKING pc=0x000001c0c58278af sp=0x0000007d189f7a50 mode 2
Event: 3119.469 Thread 0x000001c0e4f09800 Uncommon trap: trap_request=0xffffff4d fr.pc=0x000001c0cd3685cc relative=0x000000000000026c
Event: 3119.469 Thread 0x000001c0e4f09800 Uncommon trap: reason=unstable_if action=reinterpret pc=0x000001c0cd3685cc method=com.sun.tools.javac.code.Scope$ScopeImpl.lookup(Lcom/sun/tools/javac/util/Name;Lcom/sun/tools/javac/util/Filter;)Lcom/sun/tools/javac/code/Scope$Entry; @ 19 c2
Event: 3119.469 Thread 0x000001c0e4f09800 DEOPT PACKING pc=0x000001c0cd3685cc sp=0x0000007d189f7a80
Event: 3119.469 Thread 0x000001c0e4f09800 DEOPT UNPACKING pc=0x000001c0c58278af sp=0x0000007d189f7a40 mode 2
Event: 3119.494 Thread 0x000001c0e4f09800 Uncommon trap: trap_request=0xffffffc6 fr.pc=0x000001c0cd83c5b8 relative=0x0000000000000358
Event: 3119.494 Thread 0x000001c0e4f09800 Uncommon trap: reason=bimorphic_or_optimized_type_check action=maybe_recompile pc=0x000001c0cd83c5b8 method=java.util.ArrayList$ArrayListSpliterator.tryAdvance(Ljava/util/function/Consumer;)Z @ 48 c2
Event: 3119.494 Thread 0x000001c0e4f09800 DEOPT PACKING pc=0x000001c0cd83c5b8 sp=0x0000007d189f9310
Event: 3119.494 Thread 0x000001c0e4f09800 DEOPT UNPACKING pc=0x000001c0c58278af sp=0x0000007d189f92a0 mode 2
Event: 3119.845 Thread 0x000001c0df893000 Uncommon trap: trap_request=0xffffff4d fr.pc=0x000001c0cd647348 relative=0x0000000000001788
Event: 3119.845 Thread 0x000001c0df893000 Uncommon trap: reason=unstable_if action=reinterpret pc=0x000001c0cd647348 method=java.util.TreeMap.put(Ljava/lang/Object;Ljava/lang/Object;)Ljava/lang/Object; @ 163 c2
Event: 3119.845 Thread 0x000001c0df893000 DEOPT PACKING pc=0x000001c0cd647348 sp=0x0000007d197fc7b0
Event: 3119.845 Thread 0x000001c0df893000 DEOPT UNPACKING pc=0x000001c0c58278af sp=0x0000007d197fc780 mode 2
Event: 3119.845 Thread 0x000001c0df893000 Uncommon trap: trap_request=0xffffff4d fr.pc=0x000001c0cdfd88cc relative=0x000000000000008c
Event: 3119.845 Thread 0x000001c0df893000 Uncommon trap: reason=unstable_if action=reinterpret pc=0x000001c0cdfd88cc method=java.util.TreeSet.add(Ljava/lang/Object;)Z @ 13 c2
Event: 3119.845 Thread 0x000001c0df893000 DEOPT PACKING pc=0x000001c0cdfd88cc sp=0x0000007d197fc850
Event: 3119.845 Thread 0x000001c0df893000 DEOPT UNPACKING pc=0x000001c0c58278af sp=0x0000007d197fc7f0 mode 2

Classes redefined (0 events):
No events

Internal exceptions (20 events):
Event: 3119.440 Thread 0x000001c0e4f09800 Exception <a 'sun/nio/fs/WindowsException'{0x000000008c8f86f0}> (0x000000008c8f86f0) thrown at [./src/hotspot/share/prims/jni.cpp, line 615]
Event: 3119.444 Thread 0x000001c0e4f09800 Exception <a 'sun/nio/fs/WindowsException'{0x000000008c7aece0}> (0x000000008c7aece0) thrown at [./src/hotspot/share/prims/jni.cpp, line 615]
Event: 3119.444 Thread 0x000001c0e4f09800 Exception <a 'sun/nio/fs/WindowsException'{0x000000008c7aedf0}> (0x000000008c7aedf0) thrown at [./src/hotspot/share/prims/jni.cpp, line 615]
Event: 3119.447 Thread 0x000001c0e4f09800 Exception <a 'sun/nio/fs/WindowsException'{0x000000008c61e6d0}> (0x000000008c61e6d0) thrown at [./src/hotspot/share/prims/jni.cpp, line 615]
Event: 3119.447 Thread 0x000001c0e4f09800 Exception <a 'sun/nio/fs/WindowsException'{0x000000008c61e7e0}> (0x000000008c61e7e0) thrown at [./src/hotspot/share/prims/jni.cpp, line 615]
Event: 3119.449 Thread 0x000001c0e4f09800 Exception <a 'sun/nio/fs/WindowsException'{0x000000008c674118}> (0x000000008c674118) thrown at [./src/hotspot/share/prims/jni.cpp, line 615]
Event: 3119.449 Thread 0x000001c0e4f09800 Exception <a 'sun/nio/fs/WindowsException'{0x000000008c674238}> (0x000000008c674238) thrown at [./src/hotspot/share/prims/jni.cpp, line 615]
Event: 3119.452 Thread 0x000001c0e4f09800 Exception <a 'sun/nio/fs/WindowsException'{0x000000008c510ac8}> (0x000000008c510ac8) thrown at [./src/hotspot/share/prims/jni.cpp, line 615]
Event: 3119.452 Thread 0x000001c0e4f09800 Exception <a 'sun/nio/fs/WindowsException'{0x000000008c510be0}> (0x000000008c510be0) thrown at [./src/hotspot/share/prims/jni.cpp, line 615]
Event: 3119.486 Thread 0x000001c0e4f09800 Exception <a 'sun/nio/fs/WindowsException'{0x000000008c10d388}> (0x000000008c10d388) thrown at [./src/hotspot/share/prims/jni.cpp, line 615]
Event: 3119.495 Thread 0x000001c0e4f09800 Exception <a 'sun/nio/fs/WindowsException'{0x000000008c1143e0}> (0x000000008c1143e0) thrown at [./src/hotspot/share/prims/jni.cpp, line 615]
Event: 3119.504 Thread 0x000001c0e4f09800 Exception <a 'sun/nio/fs/WindowsException'{0x000000008c11c098}> (0x000000008c11c098) thrown at [./src/hotspot/share/prims/jni.cpp, line 615]
Event: 3119.512 Thread 0x000001c0e4f09800 Exception <a 'sun/nio/fs/WindowsException'{0x000000008c122630}> (0x000000008c122630) thrown at [./src/hotspot/share/prims/jni.cpp, line 615]
Event: 3119.521 Thread 0x000001c0e4f09800 Exception <a 'sun/nio/fs/WindowsException'{0x000000008c128bc8}> (0x000000008c128bc8) thrown at [./src/hotspot/share/prims/jni.cpp, line 615]
Event: 3119.529 Thread 0x000001c0e4f09800 Exception <a 'sun/nio/fs/WindowsException'{0x000000008c12f160}> (0x000000008c12f160) thrown at [./src/hotspot/share/prims/jni.cpp, line 615]
Event: 3119.540 Thread 0x000001c0e4f09800 Exception <a 'sun/nio/fs/WindowsException'{0x000000008c192fc0}> (0x000000008c192fc0) thrown at [./src/hotspot/share/prims/jni.cpp, line 615]
Event: 3119.836 Thread 0x000001c0df893000 Exception <a 'sun/nio/fs/WindowsException'{0x000000008b8685e0}> (0x000000008b8685e0) thrown at [./src/hotspot/share/prims/jni.cpp, line 615]
Event: 3119.847 Thread 0x000001c0df893000 Exception <a 'sun/nio/fs/WindowsException'{0x000000008b772f88}> (0x000000008b772f88) thrown at [./src/hotspot/share/prims/jni.cpp, line 615]
Event: 3119.996 Thread 0x000001c0e2dcf000 Exception <a 'sun/nio/fs/WindowsException'{0x000000008bad10c0}> (0x000000008bad10c0) thrown at [./src/hotspot/share/prims/jni.cpp, line 615]
Event: 3120.006 Thread 0x000001c0e2dcf000 Exception <a 'sun/nio/fs/WindowsException'{0x000000008b5b9780}> (0x000000008b5b9780) thrown at [./src/hotspot/share/prims/jni.cpp, line 615]

Events (20 events):
Event: 3120.732 Executing VM operation: RevokeBias done
Event: 3120.732 Executing VM operation: RevokeBias
Event: 3120.732 Executing VM operation: RevokeBias done
Event: 3120.732 Executing VM operation: RevokeBias
Event: 3120.732 Executing VM operation: RevokeBias done
Event: 3120.732 Executing VM operation: RevokeBias
Event: 3120.732 Executing VM operation: RevokeBias done
Event: 3120.733 Executing VM operation: RevokeBias
Event: 3120.733 Executing VM operation: RevokeBias done
Event: 3120.733 Executing VM operation: RevokeBias
Event: 3120.733 Executing VM operation: RevokeBias done
Event: 3120.733 Executing VM operation: RevokeBias
Event: 3120.733 Executing VM operation: RevokeBias done
Event: 3120.733 Executing VM operation: RevokeBias
Event: 3120.733 Executing VM operation: RevokeBias done
Event: 3120.733 Thread 0x000001c0e4f0c800 Thread exited: 0x000001c0e4f0c800
Event: 3120.761 Executing VM operation: RevokeBias
Event: 3120.761 Executing VM operation: RevokeBias done
Event: 3120.761 Executing VM operation: RevokeBias
Event: 3120.761 Executing VM operation: RevokeBias done


Dynamic libraries:
0x00007ff66ed70000 - 0x00007ff66ed7a000 	C:\Program Files\Android\Android Studio\jre\bin\java.exe
0x00007ffccdd90000 - 0x00007ffccdf88000 	C:\windows\SYSTEM32\ntdll.dll
0x00007ffccdc90000 - 0x00007ffccdd4f000 	C:\windows\System32\KERNEL32.DLL
0x00007ffccb910000 - 0x00007ffccbc06000 	C:\windows\System32\KERNELBASE.dll
0x00007ffccb470000 - 0x00007ffccb570000 	C:\windows\System32\ucrtbase.dll
0x00007ffcbcf90000 - 0x00007ffcbcfa9000 	C:\Program Files\Android\Android Studio\jre\bin\jli.dll
0x00007ffcbcfb0000 - 0x00007ffcbcfc7000 	C:\Program Files\Android\Android Studio\jre\bin\VCRUNTIME140.dll
0x00007ffccd300000 - 0x00007ffccd49d000 	C:\windows\System32\USER32.dll
0x00007ffccbd30000 - 0x00007ffccbd52000 	C:\windows\System32\win32u.dll
0x00007ffca8cc0000 - 0x00007ffca8f5a000 	C:\windows\WinSxS\amd64_microsoft.windows.common-controls_6595b64144ccf1df_6.0.19041.1110_none_60b5254171f9507e\COMCTL32.dll
0x00007ffccc010000 - 0x00007ffccc03c000 	C:\windows\System32\GDI32.dll
0x00007ffccb570000 - 0x00007ffccb685000 	C:\windows\System32\gdi32full.dll
0x00007ffccd4a0000 - 0x00007ffccd53e000 	C:\windows\System32\msvcrt.dll
0x00007ffccbc40000 - 0x00007ffccbcdd000 	C:\windows\System32\msvcp_win.dll
0x00007ffccc830000 - 0x00007ffccc860000 	C:\windows\System32\IMM32.DLL
0x00007ffca9710000 - 0x00007ffca97ad000 	C:\Program Files\Android\Android Studio\jre\bin\msvcp140.dll
0x00007ffc6bb70000 - 0x00007ffc6c63f000 	C:\Program Files\Android\Android Studio\jre\bin\server\jvm.dll
0x00007ffccd250000 - 0x00007ffccd2ff000 	C:\windows\System32\ADVAPI32.dll
0x00007ffccc630000 - 0x00007ffccc6cc000 	C:\windows\System32\sechost.dll
0x00007ffccd090000 - 0x00007ffccd1b6000 	C:\windows\System32\RPCRT4.dll
0x00007ffccd240000 - 0x00007ffccd248000 	C:\windows\System32\PSAPI.DLL
0x00007ffcc5f90000 - 0x00007ffcc5f9a000 	C:\windows\SYSTEM32\VERSION.dll
0x00007ffcbb5e0000 - 0x00007ffcbb5e9000 	C:\windows\SYSTEM32\WSOCK32.dll
0x00007ffcb43c0000 - 0x00007ffcb43e7000 	C:\windows\SYSTEM32\WINMM.dll
0x00007ffccc560000 - 0x00007ffccc5cb000 	C:\windows\System32\WS2_32.dll
0x00007ffcc92c0000 - 0x00007ffcc92d2000 	C:\windows\SYSTEM32\kernel.appcore.dll
0x00007ffc71de0000 - 0x00007ffc71df1000 	C:\Program Files\Android\Android Studio\jre\bin\verify.dll
0x00007ffca9030000 - 0x00007ffca9214000 	C:\windows\SYSTEM32\DBGHELP.DLL
0x00007ffca8f60000 - 0x00007ffca8f94000 	C:\windows\SYSTEM32\dbgcore.DLL
0x00007ffccbd60000 - 0x00007ffccbde2000 	C:\windows\System32\bcryptPrimitives.dll
0x00007ffc6fe50000 - 0x00007ffc6fe79000 	C:\Program Files\Android\Android Studio\jre\bin\java.dll
0x00007ffc9f250000 - 0x00007ffc9f25b000 	C:\Program Files\Android\Android Studio\jre\bin\jimage.dll
0x00007ffc70090000 - 0x00007ffc700a8000 	C:\Program Files\Android\Android Studio\jre\bin\zip.dll
0x00007ffccc860000 - 0x00007ffcccfa4000 	C:\windows\System32\SHELL32.dll
0x00007ffcc94c0000 - 0x00007ffcc9c53000 	C:\windows\SYSTEM32\windows.storage.dll
0x00007ffccd540000 - 0x00007ffccd894000 	C:\windows\System32\combase.dll
0x00007ffccaed0000 - 0x00007ffccaefe000 	C:\windows\SYSTEM32\Wldp.dll
0x00007ffccc4b0000 - 0x00007ffccc55d000 	C:\windows\System32\SHCORE.dll
0x00007ffccc6d0000 - 0x00007ffccc725000 	C:\windows\System32\shlwapi.dll
0x00007ffccb3b0000 - 0x00007ffccb3cf000 	C:\windows\SYSTEM32\profapi.dll
0x00007ffc6fb80000 - 0x00007ffc6fb9a000 	C:\Program Files\Android\Android Studio\jre\bin\net.dll
0x00007ffcc4a20000 - 0x00007ffcc4b2a000 	C:\windows\SYSTEM32\WINHTTP.dll
0x00007ffccac30000 - 0x00007ffccac9a000 	C:\windows\system32\mswsock.dll
0x00007ffc6fb60000 - 0x00007ffc6fb74000 	C:\Program Files\Android\Android Studio\jre\bin\nio.dll
0x00007ffcc5920000 - 0x00007ffcc5947000 	C:\Users\TEMP.GEII2.006\.gradle\native\8bec1ad78214c89d9ad589b4d07fe93259594b29d510b10fafb7a158f7737e5d\windows-amd64\native-platform.dll
0x00007ffc8f210000 - 0x00007ffc8f34d000 	C:\Users\TEMP.GEII2.006\.gradle\native\53dbd7edfb1c66fb8903c78663c9afc45aea4f116125fa6feffd364cf09443e8\windows-amd64\native-platform-file-events.dll
0x00007ffc866b0000 - 0x00007ffc866ba000 	C:\Program Files\Android\Android Studio\jre\bin\management.dll
0x00007ffc7e2e0000 - 0x00007ffc7e2ec000 	C:\Program Files\Android\Android Studio\jre\bin\management_ext.dll
0x00007ffccae20000 - 0x00007ffccae38000 	C:\windows\SYSTEM32\CRYPTSP.dll
0x00007ffcca4e0000 - 0x00007ffcca514000 	C:\windows\system32\rsaenh.dll
0x00007ffccbc10000 - 0x00007ffccbc37000 	C:\windows\System32\bcrypt.dll
0x00007ffccb370000 - 0x00007ffccb39e000 	C:\windows\SYSTEM32\USERENV.dll
0x00007ffcca8d0000 - 0x00007ffcca90c000 	C:\windows\SYSTEM32\IPHLPAPI.DLL
0x00007ffccc7c0000 - 0x00007ffccc7c8000 	C:\windows\System32\NSI.dll
0x00007ffcc68c0000 - 0x00007ffcc68d7000 	C:\windows\SYSTEM32\dhcpcsvc6.DLL
0x00007ffcc68a0000 - 0x00007ffcc68bd000 	C:\windows\SYSTEM32\dhcpcsvc.DLL
0x00007ffcca910000 - 0x00007ffcca9db000 	C:\windows\SYSTEM32\DNSAPI.dll
0x00007ffc6f570000 - 0x00007ffc6f597000 	C:\Program Files\Android\Android Studio\jre\bin\sunec.dll

dbghelp: loaded successfully - version: 4.0.5 - missing functions: none
symbol engine: initialized successfully - sym options: 0x614 - pdb path: .;C:\Program Files\Android\Android Studio\jre\bin;C:\windows\SYSTEM32;C:\windows\WinSxS\amd64_microsoft.windows.common-controls_6595b64144ccf1df_6.0.19041.1110_none_60b5254171f9507e;C:\Program Files\Android\Android Studio\jre\bin\server;C:\Users\TEMP.GEII2.006\.gradle\native\8bec1ad78214c89d9ad589b4d07fe93259594b29d510b10fafb7a158f7737e5d\windows-amd64;C:\Users\TEMP.GEII2.006\.gradle\native\53dbd7edfb1c66fb8903c78663c9afc45aea4f116125fa6feffd364cf09443e8\windows-amd64

VM Arguments:
jvm_args: --add-opens=java.base/java.util=ALL-UNNAMED --add-opens=java.base/java.lang=ALL-UNNAMED --add-opens=java.base/java.lang.invoke=ALL-UNNAMED --add-opens=java.base/java.util=ALL-UNNAMED --add-opens=java.prefs/java.util.prefs=ALL-UNNAMED --add-opens=java.prefs/java.util.prefs=ALL-UNNAMED --add-opens=java.base/java.nio.charset=ALL-UNNAMED --add-opens=java.base/java.net=ALL-UNNAMED --add-opens=java.base/java.util.concurrent.atomic=ALL-UNNAMED -Xmx2048m -Dfile.encoding=UTF-8 -Duser.country=FR -Duser.language=fr -Duser.variant 
java_command: org.gradle.launcher.daemon.bootstrap.GradleDaemon 7.0.2
java_class_path (initial): C:\Users\TEMP.GEII2.006\.gradle\wrapper\dists\gradle-7.0.2-bin\857tjihv64xamwrf0h14cai3r\gradle-7.0.2\lib\gradle-launcher-7.0.2.jar
Launcher Type: SUN_STANDARD

[Global flags]
     intx CICompilerCount                          = 4                                         {product} {ergonomic}
     uint ConcGCThreads                            = 3                                         {product} {ergonomic}
     uint G1ConcRefinementThreads                  = 10                                        {product} {ergonomic}
   size_t G1HeapRegionSize                         = 1048576                                   {product} {ergonomic}
    uintx GCDrainStackTargetSize                   = 64                                        {product} {ergonomic}
   size_t InitialHeapSize                          = 264241152                                 {product} {ergonomic}
   size_t MarkStackSize                            = 4194304                                   {product} {ergonomic}
   size_t MaxHeapSize                              = 2147483648                                {product} {command line}
   size_t MaxNewSize                               = 1287651328                                {product} {ergonomic}
   size_t MinHeapDeltaBytes                        = 1048576                                   {product} {ergonomic}
    uintx NonNMethodCodeHeapSize                   = 5836300                                {pd product} {ergonomic}
    uintx NonProfiledCodeHeapSize                  = 122910970                              {pd product} {ergonomic}
    uintx ProfiledCodeHeapSize                     = 122910970                              {pd product} {ergonomic}
    uintx ReservedCodeCacheSize                    = 251658240                              {pd product} {ergonomic}
     bool SegmentedCodeCache                       = true                                      {product} {ergonomic}
     bool UseCompressedClassPointers               = true                                 {lp64_product} {ergonomic}
     bool UseCompressedOops                        = true                                 {lp64_product} {ergonomic}
     bool UseG1GC                                  = true                                      {product} {ergonomic}
     bool UseLargePagesIndividualAllocation        = false                                  {pd product} {ergonomic}

Logging:
Log output configuration:
 #0: stdout all=warning uptime,level,tags
 #1: stderr all=off uptime,level,tags

Environment Variables:
JAVA_HOME=C:\Program Files\OpenJDK\jdk-17
CLASSPATH=.;
PATH=C:\Python310\Scripts\;C:\Python310\;C:\Program Files\National Instruments\Shared\OpenVINO\;C:\Program Files (x86)\NVIDIA Corporation\PhysX\Common;C:\Program Files (x86)\Common Files\Oracle\Java\javapath;C:\windows\system32;C:\windows;C:\windows\System32\Wbem;C:\windows\System32\WindowsPowerShell\v1.0\;C:\windows\System32\OpenSSH\;C:\ProgramData\chocolatey\bin;C:\Program Files (x86)\Microsoft SQL Server\150\DTS\Binn\;C:\Program Files\Azure Data Studio\bin;C:\Program Files (x86)\Schneider Electric\Vijeo-Designer\Vijeo-Runtime\Public\bin\;C:\Program Files\OpenJDK\jdk-11.0.2\bin;C:\Program Files (x86)\Schneider Electric\Vijeo-Designer\Vijeo-Frame\Help;C:\Program Files\Microsoft SQL Server\Client SDK\ODBC\170\Tools\Binn\;C:\Program Files (x86)\Microsoft SQL Server\150\Tools\Binn\;C:\Program Files\Microsoft SQL Server\150\Tools\Binn\;C:\Program Files\Microsoft SQL Server\150\DTS\Binn\;C:\Program Files\Java\jdk1.8.0_211\bin;C:\Program Files (x86)\Schneider Electric\Vijeo-WebGate Control;C:\Program Files\MATLAB\R2021a\bin;C:\Program Files\Microchip\xc8\v2.20\bin;C:\Program Files (x86)\Pico Technology\PicoScope6\;C:\Program Files\Microsoft SQL Server\Client SDK\ODBC\110\Tools\Binn\;C:\Program Files (x86)\Microsoft SQL Server\120\Tools\Binn\;C:\Program Files\Microsoft SQL Server\120\Tools\Binn\;C:\Program Files\Microsoft SQL Server\120\DTS\Binn\;C:\Program Files (x86)\Windows Kits\8.1\Windows Performance Toolkit\;C:\Program Files (x86)\Microsoft SQL Server\80\Tools\Binn\;C:\Program Files (x86)\IVI Foundation\VISA\WinNT\Bin\;C:\Program Files\IVI Foundation\VISA\Win64\Bin\;C:\Program Files (x86)\National Instruments\Shared\LabVIEW CLI;C:\Program Files (x86)\IVI Foundation\IVI\bin;C:\Program Files\IVI Foundation\IVI\bin;C:\Program Files (x86)\IVI Foundation\VISA\WinNT\Bin;C:\Program Files\nodejs\;C:\Program Files\OpenJDK\jdk-17\bin;C:\Program Files\Puppet Labs\Puppet\bin;C:\Program Files\Microsoft VS Code\bin;C:\Program Files\OpenSSH-Win64;C:\Program Files\Git\cmd;C:\Users\TEM
USERNAME=rpetrean
OS=Windows_NT
PROCESSOR_IDENTIFIER=Intel64 Family 6 Model 165 Stepping 3, GenuineIntel



---------------  S Y S T E M  ---------------

OS: Windows 10 , 64 bit Build 19041 (10.0.19041.2913)
OS uptime: 0 days 1:38 hours

CPU:total 12 (initial active 12) (6 cores per cpu, 2 threads per core) family 6 model 165 stepping 3 microcode 0xf0, cmov, cx8, fxsr, mmx, sse, sse2, sse3, ssse3, sse4.1, sse4.2, popcnt, avx, avx2, aes, clmul, erms, 3dnowpref, lzcnt, ht, tsc, tscinvbit, bmi1, bmi2, adx, fma

Memory: 4k page, system-wide physical 16116M (7549M free)
TotalPageFile size 18548M (AvailPageFile size 8389M)
current process WorkingSet (physical memory assigned to process): 542M, peak: 568M
current process commit charge ("private bytes"): 634M, peak: 639M

vm_info: OpenJDK 64-Bit Server VM (11.0.10+0-b96-7249189) for windows-amd64 JRE (11.0.10+0-b96-7249189), built on Mar 31 2021 21:44:00 by "builder" with MS VC++ 14.0 (VS2015)

END.
